[0.171s] DEBUG:colcon:Command line arguments: ['/usr/bin/colcon', 'build']
[0.171s] DEBUG:colcon:Parsed command line arguments: Namespace(ament_cmake_args=None, base_paths=['.'], build_base='build', catkin_cmake_args=None, catkin_skip_building_tests=False, cmake_args=None, cmake_clean_cache=False, cmake_clean_first=False, cmake_force_configure=False, cmake_target=None, cmake_target_skip_unavailable=False, continue_on_error=False, event_handlers=None, executor='sequential', install_base='install', log_base=None, log_level=None, main=<bound method BuildVerb.main of <colcon_core.verb.build.BuildVerb object at 0x7f2edf323bb0>>, merge_install=False, paths=None, symlink_install=False, test_result_base=None, verb_extension=<colcon_core.verb.build.BuildVerb object at 0x7f2edf323bb0>, verb_name='build', verb_parser=CustomArgumentParser(prog='colcon build', usage=None, description='Build a set of packages.', formatter_class=<class 'colcon_core.command.CustomFormatter'>, conflict_handler='error', add_help=True))
[0.294s] Level 1:colcon.colcon_core.package_discovery:discover_packages(recursive) check parameters
[0.294s] Level 1:colcon.colcon_core.package_discovery:discover_packages(path) check parameters
[0.295s] Level 1:colcon.colcon_core.package_discovery:discover_packages(recursive) discover
[0.295s] INFO:colcon.colcon_core.package_discovery:Crawling recursively for packages in '/home/dragon/Documents/ros2Work'
[0.295s] Level 1:colcon.colcon_core.package_identification:_identify(.) by extensions ['ignore', 'ignore_ament_install']
[0.295s] Level 1:colcon.colcon_core.package_identification:_identify(.) by extension 'ignore'
[0.295s] Level 1:colcon.colcon_core.package_identification:_identify(.) by extension 'ignore_ament_install'
[0.295s] Level 1:colcon.colcon_core.package_identification:_identify(.) by extensions ['ros']
[0.295s] Level 1:colcon.colcon_core.package_identification:_identify(.) by extension 'ros'
[0.301s] Level 1:colcon.colcon_core.package_identification:_identify(.) by extensions ['cmake', 'python']
[0.301s] Level 1:colcon.colcon_core.package_identification:_identify(.) by extension 'cmake'
[0.301s] Level 1:colcon.colcon_core.package_identification:_identify(.) by extension 'python'
[0.301s] Level 1:colcon.colcon_core.package_identification:_identify(.) by extensions ['python_setup_py']
[0.301s] Level 1:colcon.colcon_core.package_identification:_identify(.) by extension 'python_setup_py'
[0.302s] Level 1:colcon.colcon_core.package_identification:_identify(build) by extensions ['ignore', 'ignore_ament_install']
[0.302s] Level 1:colcon.colcon_core.package_identification:_identify(build) by extension 'ignore'
[0.302s] Level 1:colcon.colcon_core.package_identification:_identify(build) ignored
[0.302s] Level 1:colcon.colcon_core.package_identification:_identify(install) by extensions ['ignore', 'ignore_ament_install']
[0.302s] Level 1:colcon.colcon_core.package_identification:_identify(install) by extension 'ignore'
[0.302s] Level 1:colcon.colcon_core.package_identification:_identify(install) ignored
[0.302s] Level 1:colcon.colcon_core.package_identification:_identify(log) by extensions ['ignore', 'ignore_ament_install']
[0.302s] Level 1:colcon.colcon_core.package_identification:_identify(log) by extension 'ignore'
[0.302s] Level 1:colcon.colcon_core.package_identification:_identify(log) ignored
[0.302s] Level 1:colcon.colcon_core.package_identification:_identify(src) by extensions ['ignore', 'ignore_ament_install']
[0.302s] Level 1:colcon.colcon_core.package_identification:_identify(src) by extension 'ignore'
[0.302s] Level 1:colcon.colcon_core.package_identification:_identify(src) by extension 'ignore_ament_install'
[0.302s] Level 1:colcon.colcon_core.package_identification:_identify(src) by extensions ['ros']
[0.302s] Level 1:colcon.colcon_core.package_identification:_identify(src) by extension 'ros'
[0.302s] Level 1:colcon.colcon_core.package_identification:_identify(src) by extensions ['cmake', 'python']
[0.302s] Level 1:colcon.colcon_core.package_identification:_identify(src) by extension 'cmake'
[0.302s] Level 1:colcon.colcon_core.package_identification:_identify(src) by extension 'python'
[0.302s] Level 1:colcon.colcon_core.package_identification:_identify(src) by extensions ['python_setup_py']
[0.302s] Level 1:colcon.colcon_core.package_identification:_identify(src) by extension 'python_setup_py'
[0.302s] Level 1:colcon.colcon_core.package_identification:_identify(src/control) by extensions ['ignore', 'ignore_ament_install']
[0.302s] Level 1:colcon.colcon_core.package_identification:_identify(src/control) by extension 'ignore'
[0.302s] Level 1:colcon.colcon_core.package_identification:_identify(src/control) by extension 'ignore_ament_install'
[0.302s] Level 1:colcon.colcon_core.package_identification:_identify(src/control) by extensions ['ros']
[0.302s] Level 1:colcon.colcon_core.package_identification:_identify(src/control) by extension 'ros'
[0.304s] DEBUG:colcon.colcon_core.package_identification:Package 'src/control' with type 'ros.ament_cmake' and name 'control'
[0.304s] Level 1:colcon.colcon_core.package_identification:_identify(src/interfaces) by extensions ['ignore', 'ignore_ament_install']
[0.304s] Level 1:colcon.colcon_core.package_identification:_identify(src/interfaces) by extension 'ignore'
[0.304s] Level 1:colcon.colcon_core.package_identification:_identify(src/interfaces) by extension 'ignore_ament_install'
[0.304s] Level 1:colcon.colcon_core.package_identification:_identify(src/interfaces) by extensions ['ros']
[0.304s] Level 1:colcon.colcon_core.package_identification:_identify(src/interfaces) by extension 'ros'
[0.304s] DEBUG:colcon.colcon_core.package_identification:Package 'src/interfaces' with type 'ros.ament_cmake' and name 'interfaces'
[0.304s] Level 1:colcon.colcon_core.package_identification:_identify(src/servicedemo) by extensions ['ignore', 'ignore_ament_install']
[0.304s] Level 1:colcon.colcon_core.package_identification:_identify(src/servicedemo) by extension 'ignore'
[0.304s] Level 1:colcon.colcon_core.package_identification:_identify(src/servicedemo) by extension 'ignore_ament_install'
[0.304s] Level 1:colcon.colcon_core.package_identification:_identify(src/servicedemo) by extensions ['ros']
[0.304s] Level 1:colcon.colcon_core.package_identification:_identify(src/servicedemo) by extension 'ros'
[0.305s] DEBUG:colcon.colcon_core.package_identification:Package 'src/servicedemo' with type 'ros.ament_cmake' and name 'servicedemo'
[0.305s] Level 1:colcon.colcon_core.package_identification:_identify(src/topicdemo) by extensions ['ignore', 'ignore_ament_install']
[0.305s] Level 1:colcon.colcon_core.package_identification:_identify(src/topicdemo) by extension 'ignore'
[0.305s] Level 1:colcon.colcon_core.package_identification:_identify(src/topicdemo) by extension 'ignore_ament_install'
[0.305s] Level 1:colcon.colcon_core.package_identification:_identify(src/topicdemo) by extensions ['ros']
[0.305s] Level 1:colcon.colcon_core.package_identification:_identify(src/topicdemo) by extension 'ros'
[0.305s] DEBUG:colcon.colcon_core.package_identification:Package 'src/topicdemo' with type 'ros.ament_cmake' and name 'topicdemo'
[0.305s] Level 1:colcon.colcon_core.package_discovery:discover_packages(recursive) using defaults
[0.305s] Level 1:colcon.colcon_core.package_discovery:discover_packages(path) discover
[0.305s] Level 1:colcon.colcon_core.package_discovery:discover_packages(path) using defaults
[0.390s] Level 5:colcon.colcon_core.verb:set package 'control' build argument 'cmake_args' from command line to 'None'
[0.390s] Level 5:colcon.colcon_core.verb:set package 'control' build argument 'cmake_target' from command line to 'None'
[0.390s] Level 5:colcon.colcon_core.verb:set package 'control' build argument 'cmake_target_skip_unavailable' from command line to 'False'
[0.390s] Level 5:colcon.colcon_core.verb:set package 'control' build argument 'cmake_clean_cache' from command line to 'False'
[0.390s] Level 5:colcon.colcon_core.verb:set package 'control' build argument 'cmake_clean_first' from command line to 'False'
[0.390s] Level 5:colcon.colcon_core.verb:set package 'control' build argument 'cmake_force_configure' from command line to 'False'
[0.390s] Level 5:colcon.colcon_core.verb:set package 'control' build argument 'ament_cmake_args' from command line to 'None'
[0.390s] Level 5:colcon.colcon_core.verb:set package 'control' build argument 'catkin_cmake_args' from command line to 'None'
[0.390s] Level 5:colcon.colcon_core.verb:set package 'control' build argument 'catkin_skip_building_tests' from command line to 'False'
[0.390s] DEBUG:colcon.colcon_core.verb:Building package 'control' with the following arguments: {'ament_cmake_args': None, 'build_base': '/home/dragon/Documents/ros2Work/build/control', 'catkin_cmake_args': None, 'catkin_skip_building_tests': False, 'cmake_args': None, 'cmake_clean_cache': False, 'cmake_clean_first': False, 'cmake_force_configure': False, 'cmake_target': None, 'cmake_target_skip_unavailable': False, 'install_base': '/home/dragon/Documents/ros2Work/install/control', 'merge_install': False, 'path': '/home/dragon/Documents/ros2Work/src/control', 'symlink_install': False, 'test_result_base': None}
[0.407s] Level 5:colcon.colcon_core.verb:set package 'interfaces' build argument 'cmake_args' from command line to 'None'
[0.407s] Level 5:colcon.colcon_core.verb:set package 'interfaces' build argument 'cmake_target' from command line to 'None'
[0.408s] Level 5:colcon.colcon_core.verb:set package 'interfaces' build argument 'cmake_target_skip_unavailable' from command line to 'False'
[0.408s] Level 5:colcon.colcon_core.verb:set package 'interfaces' build argument 'cmake_clean_cache' from command line to 'False'
[0.408s] Level 5:colcon.colcon_core.verb:set package 'interfaces' build argument 'cmake_clean_first' from command line to 'False'
[0.408s] Level 5:colcon.colcon_core.verb:set package 'interfaces' build argument 'cmake_force_configure' from command line to 'False'
[0.408s] Level 5:colcon.colcon_core.verb:set package 'interfaces' build argument 'ament_cmake_args' from command line to 'None'
[0.408s] Level 5:colcon.colcon_core.verb:set package 'interfaces' build argument 'catkin_cmake_args' from command line to 'None'
[0.408s] Level 5:colcon.colcon_core.verb:set package 'interfaces' build argument 'catkin_skip_building_tests' from command line to 'False'
[0.408s] DEBUG:colcon.colcon_core.verb:Building package 'interfaces' with the following arguments: {'ament_cmake_args': None, 'build_base': '/home/dragon/Documents/ros2Work/build/interfaces', 'catkin_cmake_args': None, 'catkin_skip_building_tests': False, 'cmake_args': None, 'cmake_clean_cache': False, 'cmake_clean_first': False, 'cmake_force_configure': False, 'cmake_target': None, 'cmake_target_skip_unavailable': False, 'install_base': '/home/dragon/Documents/ros2Work/install/interfaces', 'merge_install': False, 'path': '/home/dragon/Documents/ros2Work/src/interfaces', 'symlink_install': False, 'test_result_base': None}
[0.425s] Level 5:colcon.colcon_core.verb:set package 'topicdemo' build argument 'cmake_args' from command line to 'None'
[0.426s] Level 5:colcon.colcon_core.verb:set package 'topicdemo' build argument 'cmake_target' from command line to 'None'
[0.426s] Level 5:colcon.colcon_core.verb:set package 'topicdemo' build argument 'cmake_target_skip_unavailable' from command line to 'False'
[0.426s] Level 5:colcon.colcon_core.verb:set package 'topicdemo' build argument 'cmake_clean_cache' from command line to 'False'
[0.426s] Level 5:colcon.colcon_core.verb:set package 'topicdemo' build argument 'cmake_clean_first' from command line to 'False'
[0.426s] Level 5:colcon.colcon_core.verb:set package 'topicdemo' build argument 'cmake_force_configure' from command line to 'False'
[0.426s] Level 5:colcon.colcon_core.verb:set package 'topicdemo' build argument 'ament_cmake_args' from command line to 'None'
[0.426s] Level 5:colcon.colcon_core.verb:set package 'topicdemo' build argument 'catkin_cmake_args' from command line to 'None'
[0.426s] Level 5:colcon.colcon_core.verb:set package 'topicdemo' build argument 'catkin_skip_building_tests' from command line to 'False'
[0.426s] DEBUG:colcon.colcon_core.verb:Building package 'topicdemo' with the following arguments: {'ament_cmake_args': None, 'build_base': '/home/dragon/Documents/ros2Work/build/topicdemo', 'catkin_cmake_args': None, 'catkin_skip_building_tests': False, 'cmake_args': None, 'cmake_clean_cache': False, 'cmake_clean_first': False, 'cmake_force_configure': False, 'cmake_target': None, 'cmake_target_skip_unavailable': False, 'install_base': '/home/dragon/Documents/ros2Work/install/topicdemo', 'merge_install': False, 'path': '/home/dragon/Documents/ros2Work/src/topicdemo', 'symlink_install': False, 'test_result_base': None}
[0.442s] Level 5:colcon.colcon_core.verb:set package 'servicedemo' build argument 'cmake_args' from command line to 'None'
[0.442s] Level 5:colcon.colcon_core.verb:set package 'servicedemo' build argument 'cmake_target' from command line to 'None'
[0.442s] Level 5:colcon.colcon_core.verb:set package 'servicedemo' build argument 'cmake_target_skip_unavailable' from command line to 'False'
[0.442s] Level 5:colcon.colcon_core.verb:set package 'servicedemo' build argument 'cmake_clean_cache' from command line to 'False'
[0.442s] Level 5:colcon.colcon_core.verb:set package 'servicedemo' build argument 'cmake_clean_first' from command line to 'False'
[0.442s] Level 5:colcon.colcon_core.verb:set package 'servicedemo' build argument 'cmake_force_configure' from command line to 'False'
[0.442s] Level 5:colcon.colcon_core.verb:set package 'servicedemo' build argument 'ament_cmake_args' from command line to 'None'
[0.442s] Level 5:colcon.colcon_core.verb:set package 'servicedemo' build argument 'catkin_cmake_args' from command line to 'None'
[0.442s] Level 5:colcon.colcon_core.verb:set package 'servicedemo' build argument 'catkin_skip_building_tests' from command line to 'False'
[0.442s] DEBUG:colcon.colcon_core.verb:Building package 'servicedemo' with the following arguments: {'ament_cmake_args': None, 'build_base': '/home/dragon/Documents/ros2Work/build/servicedemo', 'catkin_cmake_args': None, 'catkin_skip_building_tests': False, 'cmake_args': None, 'cmake_clean_cache': False, 'cmake_clean_first': False, 'cmake_force_configure': False, 'cmake_target': None, 'cmake_target_skip_unavailable': False, 'install_base': '/home/dragon/Documents/ros2Work/install/servicedemo', 'merge_install': False, 'path': '/home/dragon/Documents/ros2Work/src/servicedemo', 'symlink_install': False, 'test_result_base': None}
[0.460s] INFO:colcon.colcon_core.executor:Executing jobs using 'sequential' executor
[0.483s] DEBUG:colcon.colcon_core.executor.sequential:run_until_complete 'control'
[0.483s] INFO:colcon.colcon_ros.task.ament_cmake.build:Building ROS package in '/home/dragon/Documents/ros2Work/src/control' with build type 'ament_cmake'
[0.483s] INFO:colcon.colcon_cmake.task.cmake.build:Building CMake package in '/home/dragon/Documents/ros2Work/src/control'
[0.503s] INFO:colcon.colcon_core.plugin_system:Skipping extension 'colcon_core.shell.bat': Not used on non-Windows systems
[0.503s] DEBUG:colcon.colcon_core.shell:Skip shell extension 'dsv' for command environment
[0.547s] DEBUG:colcon.colcon_core.event_handler.log_command:Invoking command in '/home/dragon/Documents/ros2Work/build/control': CMAKE_PREFIX_PATH=/opt/ros/foxy /usr/bin/cmake --build /home/dragon/Documents/ros2Work/build/control -- -j20 -l20
[0.594s] DEBUG:colcon.colcon_core.event_handler.log_command:Invoked command in '/home/dragon/Documents/ros2Work/build/control' returned '0': CMAKE_PREFIX_PATH=/opt/ros/foxy /usr/bin/cmake --build /home/dragon/Documents/ros2Work/build/control -- -j20 -l20
[0.621s] DEBUG:colcon.colcon_core.event_handler.log_command:Invoking command in '/home/dragon/Documents/ros2Work/build/control': CMAKE_PREFIX_PATH=/opt/ros/foxy /usr/bin/cmake --install /home/dragon/Documents/ros2Work/build/control
[0.628s] Level 1:colcon.colcon_core.environment:create_environment_scripts_only(control)
[0.628s] DEBUG:colcon.colcon_core.event_handler.log_command:Invoked command in '/home/dragon/Documents/ros2Work/build/control' returned '0': CMAKE_PREFIX_PATH=/opt/ros/foxy /usr/bin/cmake --install /home/dragon/Documents/ros2Work/build/control
[0.649s] Level 1:colcon.colcon_core.environment:checking '/home/dragon/Documents/ros2Work/install/control' for CMake module files
[0.650s] Level 1:colcon.colcon_core.environment:checking '/home/dragon/Documents/ros2Work/install/control' for CMake config files
[0.650s] Level 1:colcon.colcon_core.shell:create_environment_hook('control', 'cmake_prefix_path')
[0.669s] INFO:colcon.colcon_core.shell:Creating environment descriptor '/home/dragon/Documents/ros2Work/install/control/share/control/hook/cmake_prefix_path.dsv'
[0.670s] INFO:colcon.colcon_core.shell:Creating environment hook '/home/dragon/Documents/ros2Work/install/control/share/control/hook/cmake_prefix_path.sh'
[0.670s] Level 1:colcon.colcon_core.environment:checking '/home/dragon/Documents/ros2Work/install/control/lib'
[0.671s] Level 1:colcon.colcon_core.environment:checking '/home/dragon/Documents/ros2Work/install/control/bin'
[0.671s] Level 1:colcon.colcon_core.environment:checking '/home/dragon/Documents/ros2Work/install/control/lib/pkgconfig/control.pc'
[0.671s] Level 1:colcon.colcon_core.environment:checking '/home/dragon/Documents/ros2Work/install/control/lib/python3.8/site-packages'
[0.671s] Level 1:colcon.colcon_core.environment:checking '/home/dragon/Documents/ros2Work/install/control/bin'
[0.690s] INFO:colcon.colcon_core.shell:Creating package descriptor '/home/dragon/Documents/ros2Work/install/control/share/control/package.dsv'
[0.690s] INFO:colcon.colcon_core.shell:Creating package script '/home/dragon/Documents/ros2Work/install/control/share/control/package.sh'
[0.690s] Level 1:colcon.colcon_core.environment:create_file_with_runtime_dependencies(/home/dragon/Documents/ros2Work/install/control/share/colcon-core/packages/control)
[0.727s] Level 1:colcon.colcon_core.environment:create_environment_scripts_only(control)
[0.744s] Level 1:colcon.colcon_core.environment:checking '/home/dragon/Documents/ros2Work/install/control' for CMake module files
[0.744s] Level 1:colcon.colcon_core.environment:checking '/home/dragon/Documents/ros2Work/install/control' for CMake config files
[0.744s] Level 1:colcon.colcon_core.shell:create_environment_hook('control', 'cmake_prefix_path')
[0.764s] INFO:colcon.colcon_core.shell:Creating environment descriptor '/home/dragon/Documents/ros2Work/install/control/share/control/hook/cmake_prefix_path.dsv'
[0.765s] INFO:colcon.colcon_core.shell:Creating environment hook '/home/dragon/Documents/ros2Work/install/control/share/control/hook/cmake_prefix_path.sh'
[0.765s] Level 1:colcon.colcon_core.environment:checking '/home/dragon/Documents/ros2Work/install/control/lib'
[0.765s] Level 1:colcon.colcon_core.environment:checking '/home/dragon/Documents/ros2Work/install/control/bin'
[0.765s] Level 1:colcon.colcon_core.environment:checking '/home/dragon/Documents/ros2Work/install/control/lib/pkgconfig/control.pc'
[0.765s] Level 1:colcon.colcon_core.environment:checking '/home/dragon/Documents/ros2Work/install/control/lib/python3.8/site-packages'
[0.766s] Level 1:colcon.colcon_core.environment:checking '/home/dragon/Documents/ros2Work/install/control/bin'
[0.787s] INFO:colcon.colcon_core.shell:Creating package descriptor '/home/dragon/Documents/ros2Work/install/control/share/control/package.dsv'
[0.787s] INFO:colcon.colcon_core.shell:Creating package script '/home/dragon/Documents/ros2Work/install/control/share/control/package.sh'
[0.787s] Level 1:colcon.colcon_core.environment:create_file_with_runtime_dependencies(/home/dragon/Documents/ros2Work/install/control/share/colcon-core/packages/control)
[0.788s] DEBUG:colcon.colcon_core.executor.sequential:run_until_complete 'control' finished with '0'
[0.788s] DEBUG:colcon.colcon_core.executor.sequential:run_until_complete 'interfaces'
[0.788s] INFO:colcon.colcon_ros.task.ament_cmake.build:Building ROS package in '/home/dragon/Documents/ros2Work/src/interfaces' with build type 'ament_cmake'
[0.788s] INFO:colcon.colcon_cmake.task.cmake.build:Building CMake package in '/home/dragon/Documents/ros2Work/src/interfaces'
[0.808s] DEBUG:colcon.colcon_core.shell:Skip shell extension 'dsv' for command environment
[0.851s] DEBUG:colcon.colcon_core.event_handler.log_command:Invoking command in '/home/dragon/Documents/ros2Work/build/interfaces': CMAKE_PREFIX_PATH=/opt/ros/foxy /usr/bin/cmake --build /home/dragon/Documents/ros2Work/build/interfaces -- -j20 -l20
[1.018s] DEBUG:colcon.colcon_core.event_handler.log_command:Invoked command in '/home/dragon/Documents/ros2Work/build/interfaces' returned '0': CMAKE_PREFIX_PATH=/opt/ros/foxy /usr/bin/cmake --build /home/dragon/Documents/ros2Work/build/interfaces -- -j20 -l20
[1.045s] DEBUG:colcon.colcon_core.event_handler.log_command:Invoking command in '/home/dragon/Documents/ros2Work/build/interfaces': CMAKE_PREFIX_PATH=/opt/ros/foxy /usr/bin/cmake --install /home/dragon/Documents/ros2Work/build/interfaces
[1.081s] Level 1:colcon.colcon_core.environment:create_environment_scripts_only(interfaces)
[1.081s] DEBUG:colcon.colcon_core.event_handler.log_command:Invoked command in '/home/dragon/Documents/ros2Work/build/interfaces' returned '0': CMAKE_PREFIX_PATH=/opt/ros/foxy /usr/bin/cmake --install /home/dragon/Documents/ros2Work/build/interfaces
[1.101s] Level 1:colcon.colcon_core.environment:checking '/home/dragon/Documents/ros2Work/install/interfaces' for CMake module files
[1.101s] Level 1:colcon.colcon_core.environment:checking '/home/dragon/Documents/ros2Work/install/interfaces' for CMake config files
[1.101s] Level 1:colcon.colcon_core.shell:create_environment_hook('interfaces', 'cmake_prefix_path')
[1.119s] INFO:colcon.colcon_core.shell:Creating environment descriptor '/home/dragon/Documents/ros2Work/install/interfaces/share/interfaces/hook/cmake_prefix_path.dsv'
[1.119s] INFO:colcon.colcon_core.shell:Creating environment hook '/home/dragon/Documents/ros2Work/install/interfaces/share/interfaces/hook/cmake_prefix_path.sh'
[1.119s] Level 1:colcon.colcon_core.environment:checking '/home/dragon/Documents/ros2Work/install/interfaces/lib'
[1.120s] Level 1:colcon.colcon_core.shell:create_environment_hook('interfaces', 'ld_library_path_lib')
[1.136s] INFO:colcon.colcon_core.shell:Creating environment descriptor '/home/dragon/Documents/ros2Work/install/interfaces/share/interfaces/hook/ld_library_path_lib.dsv'
[1.137s] INFO:colcon.colcon_core.shell:Creating environment hook '/home/dragon/Documents/ros2Work/install/interfaces/share/interfaces/hook/ld_library_path_lib.sh'
[1.137s] Level 1:colcon.colcon_core.environment:checking '/home/dragon/Documents/ros2Work/install/interfaces/bin'
[1.137s] Level 1:colcon.colcon_core.environment:checking '/home/dragon/Documents/ros2Work/install/interfaces/lib/pkgconfig/interfaces.pc'
[1.137s] Level 1:colcon.colcon_core.environment:checking '/home/dragon/Documents/ros2Work/install/interfaces/lib/python3.8/site-packages'
[1.137s] Level 1:colcon.colcon_core.shell:create_environment_hook('interfaces', 'pythonpath')
[1.153s] INFO:colcon.colcon_core.shell:Creating environment descriptor '/home/dragon/Documents/ros2Work/install/interfaces/share/interfaces/hook/pythonpath.dsv'
[1.153s] INFO:colcon.colcon_core.shell:Creating environment hook '/home/dragon/Documents/ros2Work/install/interfaces/share/interfaces/hook/pythonpath.sh'
[1.153s] Level 1:colcon.colcon_core.environment:checking '/home/dragon/Documents/ros2Work/install/interfaces/bin'
[1.170s] INFO:colcon.colcon_core.shell:Creating package descriptor '/home/dragon/Documents/ros2Work/install/interfaces/share/interfaces/package.dsv'
[1.171s] INFO:colcon.colcon_core.shell:Creating package script '/home/dragon/Documents/ros2Work/install/interfaces/share/interfaces/package.sh'
[1.171s] Level 1:colcon.colcon_core.environment:create_file_with_runtime_dependencies(/home/dragon/Documents/ros2Work/install/interfaces/share/colcon-core/packages/interfaces)
[1.211s] Level 1:colcon.colcon_core.environment:create_environment_scripts_only(interfaces)
[1.230s] Level 1:colcon.colcon_core.environment:checking '/home/dragon/Documents/ros2Work/install/interfaces' for CMake module files
[1.230s] Level 1:colcon.colcon_core.environment:checking '/home/dragon/Documents/ros2Work/install/interfaces' for CMake config files
[1.230s] Level 1:colcon.colcon_core.shell:create_environment_hook('interfaces', 'cmake_prefix_path')
[1.248s] INFO:colcon.colcon_core.shell:Creating environment descriptor '/home/dragon/Documents/ros2Work/install/interfaces/share/interfaces/hook/cmake_prefix_path.dsv'
[1.248s] INFO:colcon.colcon_core.shell:Creating environment hook '/home/dragon/Documents/ros2Work/install/interfaces/share/interfaces/hook/cmake_prefix_path.sh'
[1.249s] Level 1:colcon.colcon_core.environment:checking '/home/dragon/Documents/ros2Work/install/interfaces/lib'
[1.249s] Level 1:colcon.colcon_core.shell:create_environment_hook('interfaces', 'ld_library_path_lib')
[1.266s] INFO:colcon.colcon_core.shell:Creating environment descriptor '/home/dragon/Documents/ros2Work/install/interfaces/share/interfaces/hook/ld_library_path_lib.dsv'
[1.267s] INFO:colcon.colcon_core.shell:Creating environment hook '/home/dragon/Documents/ros2Work/install/interfaces/share/interfaces/hook/ld_library_path_lib.sh'
[1.267s] Level 1:colcon.colcon_core.environment:checking '/home/dragon/Documents/ros2Work/install/interfaces/bin'
[1.267s] Level 1:colcon.colcon_core.environment:checking '/home/dragon/Documents/ros2Work/install/interfaces/lib/pkgconfig/interfaces.pc'
[1.267s] Level 1:colcon.colcon_core.environment:checking '/home/dragon/Documents/ros2Work/install/interfaces/lib/python3.8/site-packages'
[1.267s] Level 1:colcon.colcon_core.shell:create_environment_hook('interfaces', 'pythonpath')
[1.283s] INFO:colcon.colcon_core.shell:Creating environment descriptor '/home/dragon/Documents/ros2Work/install/interfaces/share/interfaces/hook/pythonpath.dsv'
[1.283s] INFO:colcon.colcon_core.shell:Creating environment hook '/home/dragon/Documents/ros2Work/install/interfaces/share/interfaces/hook/pythonpath.sh'
[1.284s] Level 1:colcon.colcon_core.environment:checking '/home/dragon/Documents/ros2Work/install/interfaces/bin'
[1.300s] INFO:colcon.colcon_core.shell:Creating package descriptor '/home/dragon/Documents/ros2Work/install/interfaces/share/interfaces/package.dsv'
[1.300s] INFO:colcon.colcon_core.shell:Creating package script '/home/dragon/Documents/ros2Work/install/interfaces/share/interfaces/package.sh'
[1.300s] Level 1:colcon.colcon_core.environment:create_file_with_runtime_dependencies(/home/dragon/Documents/ros2Work/install/interfaces/share/colcon-core/packages/interfaces)
[1.300s] DEBUG:colcon.colcon_core.executor.sequential:run_until_complete 'interfaces' finished with '0'
[1.300s] DEBUG:colcon.colcon_core.executor.sequential:run_until_complete 'topicdemo'
[1.300s] INFO:colcon.colcon_ros.task.ament_cmake.build:Building ROS package in '/home/dragon/Documents/ros2Work/src/topicdemo' with build type 'ament_cmake'
[1.300s] INFO:colcon.colcon_cmake.task.cmake.build:Building CMake package in '/home/dragon/Documents/ros2Work/src/topicdemo'
[1.317s] DEBUG:colcon.colcon_core.shell:Skip shell extension 'dsv' for command environment
[1.355s] DEBUG:colcon.colcon_core.event_handler.log_command:Invoking command in '/home/dragon/Documents/ros2Work/build/topicdemo': CMAKE_PREFIX_PATH=/opt/ros/foxy /usr/bin/cmake --build /home/dragon/Documents/ros2Work/build/topicdemo -- -j20 -l20
[1.394s] DEBUG:colcon.colcon_core.event_handler.log_command:Invoked command in '/home/dragon/Documents/ros2Work/build/topicdemo' returned '0': CMAKE_PREFIX_PATH=/opt/ros/foxy /usr/bin/cmake --build /home/dragon/Documents/ros2Work/build/topicdemo -- -j20 -l20
[1.410s] DEBUG:colcon.colcon_core.event_handler.log_command:Invoking command in '/home/dragon/Documents/ros2Work/build/topicdemo': CMAKE_PREFIX_PATH=/opt/ros/foxy /usr/bin/cmake --install /home/dragon/Documents/ros2Work/build/topicdemo
[1.416s] Level 1:colcon.colcon_core.environment:create_environment_scripts_only(topicdemo)
[1.416s] DEBUG:colcon.colcon_core.event_handler.log_command:Invoked command in '/home/dragon/Documents/ros2Work/build/topicdemo' returned '0': CMAKE_PREFIX_PATH=/opt/ros/foxy /usr/bin/cmake --install /home/dragon/Documents/ros2Work/build/topicdemo
[1.434s] Level 1:colcon.colcon_core.environment:checking '/home/dragon/Documents/ros2Work/install/topicdemo' for CMake module files
[1.435s] Level 1:colcon.colcon_core.environment:checking '/home/dragon/Documents/ros2Work/install/topicdemo' for CMake config files
[1.435s] Level 1:colcon.colcon_core.shell:create_environment_hook('topicdemo', 'cmake_prefix_path')
[1.451s] INFO:colcon.colcon_core.shell:Creating environment descriptor '/home/dragon/Documents/ros2Work/install/topicdemo/share/topicdemo/hook/cmake_prefix_path.dsv'
[1.451s] INFO:colcon.colcon_core.shell:Creating environment hook '/home/dragon/Documents/ros2Work/install/topicdemo/share/topicdemo/hook/cmake_prefix_path.sh'
[1.452s] Level 1:colcon.colcon_core.environment:checking '/home/dragon/Documents/ros2Work/install/topicdemo/lib'
[1.452s] Level 1:colcon.colcon_core.environment:checking '/home/dragon/Documents/ros2Work/install/topicdemo/bin'
[1.452s] Level 1:colcon.colcon_core.environment:checking '/home/dragon/Documents/ros2Work/install/topicdemo/lib/pkgconfig/topicdemo.pc'
[1.452s] Level 1:colcon.colcon_core.environment:checking '/home/dragon/Documents/ros2Work/install/topicdemo/lib/python3.8/site-packages'
[1.452s] Level 1:colcon.colcon_core.environment:checking '/home/dragon/Documents/ros2Work/install/topicdemo/bin'
[1.469s] INFO:colcon.colcon_core.shell:Creating package descriptor '/home/dragon/Documents/ros2Work/install/topicdemo/share/topicdemo/package.dsv'
[1.469s] INFO:colcon.colcon_core.shell:Creating package script '/home/dragon/Documents/ros2Work/install/topicdemo/share/topicdemo/package.sh'
[1.469s] Level 1:colcon.colcon_core.environment:create_file_with_runtime_dependencies(/home/dragon/Documents/ros2Work/install/topicdemo/share/colcon-core/packages/topicdemo)
[1.507s] Level 1:colcon.colcon_core.environment:create_environment_scripts_only(topicdemo)
[1.523s] Level 1:colcon.colcon_core.environment:checking '/home/dragon/Documents/ros2Work/install/topicdemo' for CMake module files
[1.524s] Level 1:colcon.colcon_core.environment:checking '/home/dragon/Documents/ros2Work/install/topicdemo' for CMake config files
[1.524s] Level 1:colcon.colcon_core.shell:create_environment_hook('topicdemo', 'cmake_prefix_path')
[1.539s] INFO:colcon.colcon_core.shell:Creating environment descriptor '/home/dragon/Documents/ros2Work/install/topicdemo/share/topicdemo/hook/cmake_prefix_path.dsv'
[1.539s] INFO:colcon.colcon_core.shell:Creating environment hook '/home/dragon/Documents/ros2Work/install/topicdemo/share/topicdemo/hook/cmake_prefix_path.sh'
[1.540s] Level 1:colcon.colcon_core.environment:checking '/home/dragon/Documents/ros2Work/install/topicdemo/lib'
[1.540s] Level 1:colcon.colcon_core.environment:checking '/home/dragon/Documents/ros2Work/install/topicdemo/bin'
[1.540s] Level 1:colcon.colcon_core.environment:checking '/home/dragon/Documents/ros2Work/install/topicdemo/lib/pkgconfig/topicdemo.pc'
[1.540s] Level 1:colcon.colcon_core.environment:checking '/home/dragon/Documents/ros2Work/install/topicdemo/lib/python3.8/site-packages'
[1.540s] Level 1:colcon.colcon_core.environment:checking '/home/dragon/Documents/ros2Work/install/topicdemo/bin'
[1.556s] INFO:colcon.colcon_core.shell:Creating package descriptor '/home/dragon/Documents/ros2Work/install/topicdemo/share/topicdemo/package.dsv'
[1.556s] INFO:colcon.colcon_core.shell:Creating package script '/home/dragon/Documents/ros2Work/install/topicdemo/share/topicdemo/package.sh'
[1.557s] Level 1:colcon.colcon_core.environment:create_file_with_runtime_dependencies(/home/dragon/Documents/ros2Work/install/topicdemo/share/colcon-core/packages/topicdemo)
[1.557s] DEBUG:colcon.colcon_core.executor.sequential:run_until_complete 'topicdemo' finished with '0'
[1.557s] DEBUG:colcon.colcon_core.executor.sequential:run_until_complete 'servicedemo'
[1.557s] INFO:colcon.colcon_ros.task.ament_cmake.build:Building ROS package in '/home/dragon/Documents/ros2Work/src/servicedemo' with build type 'ament_cmake'
[1.557s] INFO:colcon.colcon_cmake.task.cmake.build:Building CMake package in '/home/dragon/Documents/ros2Work/src/servicedemo'
[1.573s] DEBUG:colcon.colcon_core.shell:Skip shell extension 'dsv' for command environment
[1.613s] DEBUG:colcon.colcon_core.event_handler.log_command:Invoking command in '/home/dragon/Documents/ros2Work/build/servicedemo': AMENT_PREFIX_PATH=/home/dragon/Documents/ros2Work/install/interfaces:${AMENT_PREFIX_PATH} CMAKE_PREFIX_PATH=/home/dragon/Documents/ros2Work/install/interfaces:/opt/ros/foxy LD_LIBRARY_PATH=/home/dragon/Documents/ros2Work/install/interfaces/lib:${LD_LIBRARY_PATH} PYTHONPATH=/home/dragon/Documents/ros2Work/install/interfaces/lib/python3.8/site-packages:${PYTHONPATH} /usr/bin/cmake --build /home/dragon/Documents/ros2Work/build/servicedemo -- -j20 -l20
[2.894s] DEBUG:colcon.colcon_core.event_handler.log_command:Invoked command in '/home/dragon/Documents/ros2Work/build/servicedemo' returned '2': AMENT_PREFIX_PATH=/home/dragon/Documents/ros2Work/install/interfaces:${AMENT_PREFIX_PATH} CMAKE_PREFIX_PATH=/home/dragon/Documents/ros2Work/install/interfaces:/opt/ros/foxy LD_LIBRARY_PATH=/home/dragon/Documents/ros2Work/install/interfaces/lib:${LD_LIBRARY_PATH} PYTHONPATH=/home/dragon/Documents/ros2Work/install/interfaces/lib/python3.8/site-packages:${PYTHONPATH} /usr/bin/cmake --build /home/dragon/Documents/ros2Work/build/servicedemo -- -j20 -l20
[2.930s] Level 1:colcon.colcon_core.environment:create_environment_scripts_only(servicedemo)
[2.948s] Level 1:colcon.colcon_core.environment:checking '/home/dragon/Documents/ros2Work/install/servicedemo' for CMake module files
[2.948s] Level 1:colcon.colcon_core.environment:checking '/home/dragon/Documents/ros2Work/install/servicedemo' for CMake config files
[2.948s] Level 1:colcon.colcon_core.shell:create_environment_hook('servicedemo', 'cmake_prefix_path')
[2.967s] INFO:colcon.colcon_core.shell:Creating environment descriptor '/home/dragon/Documents/ros2Work/install/servicedemo/share/servicedemo/hook/cmake_prefix_path.dsv'
[2.967s] INFO:colcon.colcon_core.shell:Creating environment hook '/home/dragon/Documents/ros2Work/install/servicedemo/share/servicedemo/hook/cmake_prefix_path.sh'
[2.968s] Level 1:colcon.colcon_core.environment:checking '/home/dragon/Documents/ros2Work/install/servicedemo/lib'
[2.968s] Level 1:colcon.colcon_core.environment:checking '/home/dragon/Documents/ros2Work/install/servicedemo/bin'
[2.968s] Level 1:colcon.colcon_core.environment:checking '/home/dragon/Documents/ros2Work/install/servicedemo/lib/pkgconfig/servicedemo.pc'
[2.968s] Level 1:colcon.colcon_core.environment:checking '/home/dragon/Documents/ros2Work/install/servicedemo/lib/python3.8/site-packages'
[2.968s] Level 1:colcon.colcon_core.environment:checking '/home/dragon/Documents/ros2Work/install/servicedemo/bin'
[2.986s] INFO:colcon.colcon_core.shell:Creating package descriptor '/home/dragon/Documents/ros2Work/install/servicedemo/share/servicedemo/package.dsv'
[2.986s] INFO:colcon.colcon_core.shell:Creating package script '/home/dragon/Documents/ros2Work/install/servicedemo/share/servicedemo/package.sh'
[2.986s] Level 1:colcon.colcon_core.environment:create_file_with_runtime_dependencies(/home/dragon/Documents/ros2Work/install/servicedemo/share/colcon-core/packages/servicedemo)
[2.986s] DEBUG:colcon.colcon_core.executor.sequential:run_until_complete 'servicedemo' finished with '2'
[2.986s] DEBUG:colcon.colcon_core.executor.sequential:closing loop
[2.987s] DEBUG:colcon.colcon_core.executor.sequential:loop closed
[2.987s] DEBUG:colcon.colcon_core.event_reactor:joining thread
[2.987s] DEBUG:colcon.colcon_core.event_reactor:joined thread
[3.006s] INFO:colcon.colcon_core.shell:Creating prefix script '/home/dragon/Documents/ros2Work/install/local_setup.sh'
[3.007s] INFO:colcon.colcon_core.shell:Creating prefix util module '/home/dragon/Documents/ros2Work/install/_local_setup_util_sh.py'
[3.008s] INFO:colcon.colcon_core.shell:Creating prefix chain script '/home/dragon/Documents/ros2Work/install/setup.sh'
