[0.155s] DEBUG:colcon:Command line arguments: ['/usr/bin/colcon', 'build']
[0.155s] DEBUG:colcon:Parsed command line arguments: Namespace(ament_cmake_args=None, base_paths=['.'], build_base='build', catkin_cmake_args=None, catkin_skip_building_tests=False, cmake_args=None, cmake_clean_cache=False, cmake_clean_first=False, cmake_force_configure=False, cmake_target=None, cmake_target_skip_unavailable=False, continue_on_error=False, event_handlers=None, executor='sequential', install_base='install', log_base=None, log_level=None, main=<bound method BuildVerb.main of <colcon_core.verb.build.BuildVerb object at 0x7f8db4c4ebb0>>, merge_install=False, paths=None, symlink_install=False, test_result_base=None, verb_extension=<colcon_core.verb.build.BuildVerb object at 0x7f8db4c4ebb0>, verb_name='build', verb_parser=CustomArgumentParser(prog='colcon build', usage=None, description='Build a set of packages.', formatter_class=<class 'colcon_core.command.CustomFormatter'>, conflict_handler='error', add_help=True))
[0.270s] Level 1:colcon.colcon_core.package_discovery:discover_packages(recursive) check parameters
[0.271s] Level 1:colcon.colcon_core.package_discovery:discover_packages(path) check parameters
[0.271s] Level 1:colcon.colcon_core.package_discovery:discover_packages(recursive) discover
[0.271s] INFO:colcon.colcon_core.package_discovery:Crawling recursively for packages in '/home/dragon/Documents/ros2Work'
[0.271s] Level 1:colcon.colcon_core.package_identification:_identify(.) by extensions ['ignore', 'ignore_ament_install']
[0.271s] Level 1:colcon.colcon_core.package_identification:_identify(.) by extension 'ignore'
[0.271s] Level 1:colcon.colcon_core.package_identification:_identify(.) by extension 'ignore_ament_install'
[0.271s] Level 1:colcon.colcon_core.package_identification:_identify(.) by extensions ['ros']
[0.271s] Level 1:colcon.colcon_core.package_identification:_identify(.) by extension 'ros'
[0.277s] Level 1:colcon.colcon_core.package_identification:_identify(.) by extensions ['cmake', 'python']
[0.277s] Level 1:colcon.colcon_core.package_identification:_identify(.) by extension 'cmake'
[0.277s] Level 1:colcon.colcon_core.package_identification:_identify(.) by extension 'python'
[0.277s] Level 1:colcon.colcon_core.package_identification:_identify(.) by extensions ['python_setup_py']
[0.277s] Level 1:colcon.colcon_core.package_identification:_identify(.) by extension 'python_setup_py'
[0.277s] Level 1:colcon.colcon_core.package_identification:_identify(build) by extensions ['ignore', 'ignore_ament_install']
[0.277s] Level 1:colcon.colcon_core.package_identification:_identify(build) by extension 'ignore'
[0.277s] Level 1:colcon.colcon_core.package_identification:_identify(build) ignored
[0.277s] Level 1:colcon.colcon_core.package_identification:_identify(install) by extensions ['ignore', 'ignore_ament_install']
[0.277s] Level 1:colcon.colcon_core.package_identification:_identify(install) by extension 'ignore'
[0.277s] Level 1:colcon.colcon_core.package_identification:_identify(install) ignored
[0.277s] Level 1:colcon.colcon_core.package_identification:_identify(log) by extensions ['ignore', 'ignore_ament_install']
[0.277s] Level 1:colcon.colcon_core.package_identification:_identify(log) by extension 'ignore'
[0.278s] Level 1:colcon.colcon_core.package_identification:_identify(log) ignored
[0.278s] Level 1:colcon.colcon_core.package_identification:_identify(src) by extensions ['ignore', 'ignore_ament_install']
[0.278s] Level 1:colcon.colcon_core.package_identification:_identify(src) by extension 'ignore'
[0.278s] Level 1:colcon.colcon_core.package_identification:_identify(src) by extension 'ignore_ament_install'
[0.278s] Level 1:colcon.colcon_core.package_identification:_identify(src) by extensions ['ros']
[0.278s] Level 1:colcon.colcon_core.package_identification:_identify(src) by extension 'ros'
[0.278s] Level 1:colcon.colcon_core.package_identification:_identify(src) by extensions ['cmake', 'python']
[0.278s] Level 1:colcon.colcon_core.package_identification:_identify(src) by extension 'cmake'
[0.278s] Level 1:colcon.colcon_core.package_identification:_identify(src) by extension 'python'
[0.278s] Level 1:colcon.colcon_core.package_identification:_identify(src) by extensions ['python_setup_py']
[0.278s] Level 1:colcon.colcon_core.package_identification:_identify(src) by extension 'python_setup_py'
[0.278s] Level 1:colcon.colcon_core.package_identification:_identify(src/control) by extensions ['ignore', 'ignore_ament_install']
[0.278s] Level 1:colcon.colcon_core.package_identification:_identify(src/control) by extension 'ignore'
[0.278s] Level 1:colcon.colcon_core.package_identification:_identify(src/control) by extension 'ignore_ament_install'
[0.278s] Level 1:colcon.colcon_core.package_identification:_identify(src/control) by extensions ['ros']
[0.278s] Level 1:colcon.colcon_core.package_identification:_identify(src/control) by extension 'ros'
[0.279s] DEBUG:colcon.colcon_core.package_identification:Package 'src/control' with type 'ros.ament_cmake' and name 'control'
[0.279s] Level 1:colcon.colcon_core.package_identification:_identify(src/interfaces) by extensions ['ignore', 'ignore_ament_install']
[0.279s] Level 1:colcon.colcon_core.package_identification:_identify(src/interfaces) by extension 'ignore'
[0.279s] Level 1:colcon.colcon_core.package_identification:_identify(src/interfaces) by extension 'ignore_ament_install'
[0.279s] Level 1:colcon.colcon_core.package_identification:_identify(src/interfaces) by extensions ['ros']
[0.279s] Level 1:colcon.colcon_core.package_identification:_identify(src/interfaces) by extension 'ros'
[0.280s] DEBUG:colcon.colcon_core.package_identification:Package 'src/interfaces' with type 'ros.ament_cmake' and name 'interfaces'
[0.280s] Level 1:colcon.colcon_core.package_identification:_identify(src/servicedemo) by extensions ['ignore', 'ignore_ament_install']
[0.280s] Level 1:colcon.colcon_core.package_identification:_identify(src/servicedemo) by extension 'ignore'
[0.280s] Level 1:colcon.colcon_core.package_identification:_identify(src/servicedemo) by extension 'ignore_ament_install'
[0.280s] Level 1:colcon.colcon_core.package_identification:_identify(src/servicedemo) by extensions ['ros']
[0.280s] Level 1:colcon.colcon_core.package_identification:_identify(src/servicedemo) by extension 'ros'
[0.280s] DEBUG:colcon.colcon_core.package_identification:Package 'src/servicedemo' with type 'ros.ament_cmake' and name 'servicedemo'
[0.280s] Level 1:colcon.colcon_core.package_identification:_identify(src/topicdemo) by extensions ['ignore', 'ignore_ament_install']
[0.280s] Level 1:colcon.colcon_core.package_identification:_identify(src/topicdemo) by extension 'ignore'
[0.280s] Level 1:colcon.colcon_core.package_identification:_identify(src/topicdemo) by extension 'ignore_ament_install'
[0.280s] Level 1:colcon.colcon_core.package_identification:_identify(src/topicdemo) by extensions ['ros']
[0.280s] Level 1:colcon.colcon_core.package_identification:_identify(src/topicdemo) by extension 'ros'
[0.281s] DEBUG:colcon.colcon_core.package_identification:Package 'src/topicdemo' with type 'ros.ament_cmake' and name 'topicdemo'
[0.281s] Level 1:colcon.colcon_core.package_discovery:discover_packages(recursive) using defaults
[0.281s] Level 1:colcon.colcon_core.package_discovery:discover_packages(path) discover
[0.281s] Level 1:colcon.colcon_core.package_discovery:discover_packages(path) using defaults
[0.354s] Level 5:colcon.colcon_core.verb:set package 'control' build argument 'cmake_args' from command line to 'None'
[0.354s] Level 5:colcon.colcon_core.verb:set package 'control' build argument 'cmake_target' from command line to 'None'
[0.354s] Level 5:colcon.colcon_core.verb:set package 'control' build argument 'cmake_target_skip_unavailable' from command line to 'False'
[0.354s] Level 5:colcon.colcon_core.verb:set package 'control' build argument 'cmake_clean_cache' from command line to 'False'
[0.354s] Level 5:colcon.colcon_core.verb:set package 'control' build argument 'cmake_clean_first' from command line to 'False'
[0.354s] Level 5:colcon.colcon_core.verb:set package 'control' build argument 'cmake_force_configure' from command line to 'False'
[0.354s] Level 5:colcon.colcon_core.verb:set package 'control' build argument 'ament_cmake_args' from command line to 'None'
[0.354s] Level 5:colcon.colcon_core.verb:set package 'control' build argument 'catkin_cmake_args' from command line to 'None'
[0.354s] Level 5:colcon.colcon_core.verb:set package 'control' build argument 'catkin_skip_building_tests' from command line to 'False'
[0.354s] DEBUG:colcon.colcon_core.verb:Building package 'control' with the following arguments: {'ament_cmake_args': None, 'build_base': '/home/dragon/Documents/ros2Work/build/control', 'catkin_cmake_args': None, 'catkin_skip_building_tests': False, 'cmake_args': None, 'cmake_clean_cache': False, 'cmake_clean_first': False, 'cmake_force_configure': False, 'cmake_target': None, 'cmake_target_skip_unavailable': False, 'install_base': '/home/dragon/Documents/ros2Work/install/control', 'merge_install': False, 'path': '/home/dragon/Documents/ros2Work/src/control', 'symlink_install': False, 'test_result_base': None}
[0.370s] Level 5:colcon.colcon_core.verb:set package 'interfaces' build argument 'cmake_args' from command line to 'None'
[0.370s] Level 5:colcon.colcon_core.verb:set package 'interfaces' build argument 'cmake_target' from command line to 'None'
[0.370s] Level 5:colcon.colcon_core.verb:set package 'interfaces' build argument 'cmake_target_skip_unavailable' from command line to 'False'
[0.370s] Level 5:colcon.colcon_core.verb:set package 'interfaces' build argument 'cmake_clean_cache' from command line to 'False'
[0.370s] Level 5:colcon.colcon_core.verb:set package 'interfaces' build argument 'cmake_clean_first' from command line to 'False'
[0.370s] Level 5:colcon.colcon_core.verb:set package 'interfaces' build argument 'cmake_force_configure' from command line to 'False'
[0.370s] Level 5:colcon.colcon_core.verb:set package 'interfaces' build argument 'ament_cmake_args' from command line to 'None'
[0.370s] Level 5:colcon.colcon_core.verb:set package 'interfaces' build argument 'catkin_cmake_args' from command line to 'None'
[0.370s] Level 5:colcon.colcon_core.verb:set package 'interfaces' build argument 'catkin_skip_building_tests' from command line to 'False'
[0.370s] DEBUG:colcon.colcon_core.verb:Building package 'interfaces' with the following arguments: {'ament_cmake_args': None, 'build_base': '/home/dragon/Documents/ros2Work/build/interfaces', 'catkin_cmake_args': None, 'catkin_skip_building_tests': False, 'cmake_args': None, 'cmake_clean_cache': False, 'cmake_clean_first': False, 'cmake_force_configure': False, 'cmake_target': None, 'cmake_target_skip_unavailable': False, 'install_base': '/home/dragon/Documents/ros2Work/install/interfaces', 'merge_install': False, 'path': '/home/dragon/Documents/ros2Work/src/interfaces', 'symlink_install': False, 'test_result_base': None}
[0.385s] Level 5:colcon.colcon_core.verb:set package 'topicdemo' build argument 'cmake_args' from command line to 'None'
[0.385s] Level 5:colcon.colcon_core.verb:set package 'topicdemo' build argument 'cmake_target' from command line to 'None'
[0.385s] Level 5:colcon.colcon_core.verb:set package 'topicdemo' build argument 'cmake_target_skip_unavailable' from command line to 'False'
[0.385s] Level 5:colcon.colcon_core.verb:set package 'topicdemo' build argument 'cmake_clean_cache' from command line to 'False'
[0.385s] Level 5:colcon.colcon_core.verb:set package 'topicdemo' build argument 'cmake_clean_first' from command line to 'False'
[0.385s] Level 5:colcon.colcon_core.verb:set package 'topicdemo' build argument 'cmake_force_configure' from command line to 'False'
[0.385s] Level 5:colcon.colcon_core.verb:set package 'topicdemo' build argument 'ament_cmake_args' from command line to 'None'
[0.385s] Level 5:colcon.colcon_core.verb:set package 'topicdemo' build argument 'catkin_cmake_args' from command line to 'None'
[0.385s] Level 5:colcon.colcon_core.verb:set package 'topicdemo' build argument 'catkin_skip_building_tests' from command line to 'False'
[0.385s] DEBUG:colcon.colcon_core.verb:Building package 'topicdemo' with the following arguments: {'ament_cmake_args': None, 'build_base': '/home/dragon/Documents/ros2Work/build/topicdemo', 'catkin_cmake_args': None, 'catkin_skip_building_tests': False, 'cmake_args': None, 'cmake_clean_cache': False, 'cmake_clean_first': False, 'cmake_force_configure': False, 'cmake_target': None, 'cmake_target_skip_unavailable': False, 'install_base': '/home/dragon/Documents/ros2Work/install/topicdemo', 'merge_install': False, 'path': '/home/dragon/Documents/ros2Work/src/topicdemo', 'symlink_install': False, 'test_result_base': None}
[0.401s] Level 5:colcon.colcon_core.verb:set package 'servicedemo' build argument 'cmake_args' from command line to 'None'
[0.401s] Level 5:colcon.colcon_core.verb:set package 'servicedemo' build argument 'cmake_target' from command line to 'None'
[0.401s] Level 5:colcon.colcon_core.verb:set package 'servicedemo' build argument 'cmake_target_skip_unavailable' from command line to 'False'
[0.401s] Level 5:colcon.colcon_core.verb:set package 'servicedemo' build argument 'cmake_clean_cache' from command line to 'False'
[0.401s] Level 5:colcon.colcon_core.verb:set package 'servicedemo' build argument 'cmake_clean_first' from command line to 'False'
[0.401s] Level 5:colcon.colcon_core.verb:set package 'servicedemo' build argument 'cmake_force_configure' from command line to 'False'
[0.401s] Level 5:colcon.colcon_core.verb:set package 'servicedemo' build argument 'ament_cmake_args' from command line to 'None'
[0.401s] Level 5:colcon.colcon_core.verb:set package 'servicedemo' build argument 'catkin_cmake_args' from command line to 'None'
[0.401s] Level 5:colcon.colcon_core.verb:set package 'servicedemo' build argument 'catkin_skip_building_tests' from command line to 'False'
[0.401s] DEBUG:colcon.colcon_core.verb:Building package 'servicedemo' with the following arguments: {'ament_cmake_args': None, 'build_base': '/home/dragon/Documents/ros2Work/build/servicedemo', 'catkin_cmake_args': None, 'catkin_skip_building_tests': False, 'cmake_args': None, 'cmake_clean_cache': False, 'cmake_clean_first': False, 'cmake_force_configure': False, 'cmake_target': None, 'cmake_target_skip_unavailable': False, 'install_base': '/home/dragon/Documents/ros2Work/install/servicedemo', 'merge_install': False, 'path': '/home/dragon/Documents/ros2Work/src/servicedemo', 'symlink_install': False, 'test_result_base': None}
[0.417s] INFO:colcon.colcon_core.executor:Executing jobs using 'sequential' executor
[0.438s] DEBUG:colcon.colcon_core.executor.sequential:run_until_complete 'control'
[0.438s] INFO:colcon.colcon_ros.task.ament_cmake.build:Building ROS package in '/home/dragon/Documents/ros2Work/src/control' with build type 'ament_cmake'
[0.438s] INFO:colcon.colcon_cmake.task.cmake.build:Building CMake package in '/home/dragon/Documents/ros2Work/src/control'
[0.454s] INFO:colcon.colcon_core.plugin_system:Skipping extension 'colcon_core.shell.bat': Not used on non-Windows systems
[0.454s] DEBUG:colcon.colcon_core.shell:Skip shell extension 'dsv' for command environment
[0.491s] DEBUG:colcon.colcon_core.event_handler.log_command:Invoking command in '/home/dragon/Documents/ros2Work/build/control': CMAKE_PREFIX_PATH=/opt/ros/foxy /usr/bin/cmake --build /home/dragon/Documents/ros2Work/build/control -- -j20 -l20
[0.531s] DEBUG:colcon.colcon_core.event_handler.log_command:Invoked command in '/home/dragon/Documents/ros2Work/build/control' returned '0': CMAKE_PREFIX_PATH=/opt/ros/foxy /usr/bin/cmake --build /home/dragon/Documents/ros2Work/build/control -- -j20 -l20
[0.550s] DEBUG:colcon.colcon_core.event_handler.log_command:Invoking command in '/home/dragon/Documents/ros2Work/build/control': CMAKE_PREFIX_PATH=/opt/ros/foxy /usr/bin/cmake --install /home/dragon/Documents/ros2Work/build/control
[0.558s] Level 1:colcon.colcon_core.environment:create_environment_scripts_only(control)
[0.558s] DEBUG:colcon.colcon_core.event_handler.log_command:Invoked command in '/home/dragon/Documents/ros2Work/build/control' returned '0': CMAKE_PREFIX_PATH=/opt/ros/foxy /usr/bin/cmake --install /home/dragon/Documents/ros2Work/build/control
[0.577s] Level 1:colcon.colcon_core.environment:checking '/home/dragon/Documents/ros2Work/install/control' for CMake module files
[0.577s] Level 1:colcon.colcon_core.environment:checking '/home/dragon/Documents/ros2Work/install/control' for CMake config files
[0.578s] Level 1:colcon.colcon_core.shell:create_environment_hook('control', 'cmake_prefix_path')
[0.594s] INFO:colcon.colcon_core.shell:Creating environment descriptor '/home/dragon/Documents/ros2Work/install/control/share/control/hook/cmake_prefix_path.dsv'
[0.595s] INFO:colcon.colcon_core.shell:Creating environment hook '/home/dragon/Documents/ros2Work/install/control/share/control/hook/cmake_prefix_path.sh'
[0.595s] Level 1:colcon.colcon_core.environment:checking '/home/dragon/Documents/ros2Work/install/control/lib'
[0.595s] Level 1:colcon.colcon_core.environment:checking '/home/dragon/Documents/ros2Work/install/control/bin'
[0.595s] Level 1:colcon.colcon_core.environment:checking '/home/dragon/Documents/ros2Work/install/control/lib/pkgconfig/control.pc'
[0.596s] Level 1:colcon.colcon_core.environment:checking '/home/dragon/Documents/ros2Work/install/control/lib/python3.8/site-packages'
[0.596s] Level 1:colcon.colcon_core.environment:checking '/home/dragon/Documents/ros2Work/install/control/bin'
[0.612s] INFO:colcon.colcon_core.shell:Creating package descriptor '/home/dragon/Documents/ros2Work/install/control/share/control/package.dsv'
[0.612s] INFO:colcon.colcon_core.shell:Creating package script '/home/dragon/Documents/ros2Work/install/control/share/control/package.sh'
[0.613s] Level 1:colcon.colcon_core.environment:create_file_with_runtime_dependencies(/home/dragon/Documents/ros2Work/install/control/share/colcon-core/packages/control)
[0.643s] Level 1:colcon.colcon_core.environment:create_environment_scripts_only(control)
[0.660s] Level 1:colcon.colcon_core.environment:checking '/home/dragon/Documents/ros2Work/install/control' for CMake module files
[0.660s] Level 1:colcon.colcon_core.environment:checking '/home/dragon/Documents/ros2Work/install/control' for CMake config files
[0.660s] Level 1:colcon.colcon_core.shell:create_environment_hook('control', 'cmake_prefix_path')
[0.676s] INFO:colcon.colcon_core.shell:Creating environment descriptor '/home/dragon/Documents/ros2Work/install/control/share/control/hook/cmake_prefix_path.dsv'
[0.676s] INFO:colcon.colcon_core.shell:Creating environment hook '/home/dragon/Documents/ros2Work/install/control/share/control/hook/cmake_prefix_path.sh'
[0.676s] Level 1:colcon.colcon_core.environment:checking '/home/dragon/Documents/ros2Work/install/control/lib'
[0.676s] Level 1:colcon.colcon_core.environment:checking '/home/dragon/Documents/ros2Work/install/control/bin'
[0.676s] Level 1:colcon.colcon_core.environment:checking '/home/dragon/Documents/ros2Work/install/control/lib/pkgconfig/control.pc'
[0.677s] Level 1:colcon.colcon_core.environment:checking '/home/dragon/Documents/ros2Work/install/control/lib/python3.8/site-packages'
[0.677s] Level 1:colcon.colcon_core.environment:checking '/home/dragon/Documents/ros2Work/install/control/bin'
[0.692s] INFO:colcon.colcon_core.shell:Creating package descriptor '/home/dragon/Documents/ros2Work/install/control/share/control/package.dsv'
[0.693s] INFO:colcon.colcon_core.shell:Creating package script '/home/dragon/Documents/ros2Work/install/control/share/control/package.sh'
[0.693s] Level 1:colcon.colcon_core.environment:create_file_with_runtime_dependencies(/home/dragon/Documents/ros2Work/install/control/share/colcon-core/packages/control)
[0.693s] DEBUG:colcon.colcon_core.executor.sequential:run_until_complete 'control' finished with '0'
[0.693s] DEBUG:colcon.colcon_core.executor.sequential:run_until_complete 'interfaces'
[0.693s] INFO:colcon.colcon_ros.task.ament_cmake.build:Building ROS package in '/home/dragon/Documents/ros2Work/src/interfaces' with build type 'ament_cmake'
[0.693s] INFO:colcon.colcon_cmake.task.cmake.build:Building CMake package in '/home/dragon/Documents/ros2Work/src/interfaces'
[0.710s] DEBUG:colcon.colcon_core.shell:Skip shell extension 'dsv' for command environment
[0.748s] DEBUG:colcon.colcon_core.event_handler.log_command:Invoking command in '/home/dragon/Documents/ros2Work/build/interfaces': CMAKE_PREFIX_PATH=/opt/ros/foxy /usr/bin/cmake --build /home/dragon/Documents/ros2Work/build/interfaces -- -j20 -l20
[0.871s] DEBUG:colcon.colcon_core.event_handler.log_command:Invoked command in '/home/dragon/Documents/ros2Work/build/interfaces' returned '0': CMAKE_PREFIX_PATH=/opt/ros/foxy /usr/bin/cmake --build /home/dragon/Documents/ros2Work/build/interfaces -- -j20 -l20
[0.898s] DEBUG:colcon.colcon_core.event_handler.log_command:Invoking command in '/home/dragon/Documents/ros2Work/build/interfaces': CMAKE_PREFIX_PATH=/opt/ros/foxy /usr/bin/cmake --install /home/dragon/Documents/ros2Work/build/interfaces
[0.931s] Level 1:colcon.colcon_core.environment:create_environment_scripts_only(interfaces)
[0.931s] DEBUG:colcon.colcon_core.event_handler.log_command:Invoked command in '/home/dragon/Documents/ros2Work/build/interfaces' returned '0': CMAKE_PREFIX_PATH=/opt/ros/foxy /usr/bin/cmake --install /home/dragon/Documents/ros2Work/build/interfaces
[0.951s] Level 1:colcon.colcon_core.environment:checking '/home/dragon/Documents/ros2Work/install/interfaces' for CMake module files
[0.951s] Level 1:colcon.colcon_core.environment:checking '/home/dragon/Documents/ros2Work/install/interfaces' for CMake config files
[0.952s] Level 1:colcon.colcon_core.shell:create_environment_hook('interfaces', 'cmake_prefix_path')
[0.968s] INFO:colcon.colcon_core.shell:Creating environment descriptor '/home/dragon/Documents/ros2Work/install/interfaces/share/interfaces/hook/cmake_prefix_path.dsv'
[0.968s] INFO:colcon.colcon_core.shell:Creating environment hook '/home/dragon/Documents/ros2Work/install/interfaces/share/interfaces/hook/cmake_prefix_path.sh'
[0.968s] Level 1:colcon.colcon_core.environment:checking '/home/dragon/Documents/ros2Work/install/interfaces/lib'
[0.968s] Level 1:colcon.colcon_core.shell:create_environment_hook('interfaces', 'ld_library_path_lib')
[0.985s] INFO:colcon.colcon_core.shell:Creating environment descriptor '/home/dragon/Documents/ros2Work/install/interfaces/share/interfaces/hook/ld_library_path_lib.dsv'
[0.985s] INFO:colcon.colcon_core.shell:Creating environment hook '/home/dragon/Documents/ros2Work/install/interfaces/share/interfaces/hook/ld_library_path_lib.sh'
[0.985s] Level 1:colcon.colcon_core.environment:checking '/home/dragon/Documents/ros2Work/install/interfaces/bin'
[0.985s] Level 1:colcon.colcon_core.environment:checking '/home/dragon/Documents/ros2Work/install/interfaces/lib/pkgconfig/interfaces.pc'
[0.986s] Level 1:colcon.colcon_core.environment:checking '/home/dragon/Documents/ros2Work/install/interfaces/lib/python3.8/site-packages'
[0.986s] Level 1:colcon.colcon_core.shell:create_environment_hook('interfaces', 'pythonpath')
[1.003s] INFO:colcon.colcon_core.shell:Creating environment descriptor '/home/dragon/Documents/ros2Work/install/interfaces/share/interfaces/hook/pythonpath.dsv'
[1.003s] INFO:colcon.colcon_core.shell:Creating environment hook '/home/dragon/Documents/ros2Work/install/interfaces/share/interfaces/hook/pythonpath.sh'
[1.003s] Level 1:colcon.colcon_core.environment:checking '/home/dragon/Documents/ros2Work/install/interfaces/bin'
[1.020s] INFO:colcon.colcon_core.shell:Creating package descriptor '/home/dragon/Documents/ros2Work/install/interfaces/share/interfaces/package.dsv'
[1.020s] INFO:colcon.colcon_core.shell:Creating package script '/home/dragon/Documents/ros2Work/install/interfaces/share/interfaces/package.sh'
[1.021s] Level 1:colcon.colcon_core.environment:create_file_with_runtime_dependencies(/home/dragon/Documents/ros2Work/install/interfaces/share/colcon-core/packages/interfaces)
[1.063s] Level 1:colcon.colcon_core.environment:create_environment_scripts_only(interfaces)
[1.078s] Level 1:colcon.colcon_core.environment:checking '/home/dragon/Documents/ros2Work/install/interfaces' for CMake module files
[1.079s] Level 1:colcon.colcon_core.environment:checking '/home/dragon/Documents/ros2Work/install/interfaces' for CMake config files
[1.079s] Level 1:colcon.colcon_core.shell:create_environment_hook('interfaces', 'cmake_prefix_path')
[1.095s] INFO:colcon.colcon_core.shell:Creating environment descriptor '/home/dragon/Documents/ros2Work/install/interfaces/share/interfaces/hook/cmake_prefix_path.dsv'
[1.095s] INFO:colcon.colcon_core.shell:Creating environment hook '/home/dragon/Documents/ros2Work/install/interfaces/share/interfaces/hook/cmake_prefix_path.sh'
[1.096s] Level 1:colcon.colcon_core.environment:checking '/home/dragon/Documents/ros2Work/install/interfaces/lib'
[1.096s] Level 1:colcon.colcon_core.shell:create_environment_hook('interfaces', 'ld_library_path_lib')
[1.112s] INFO:colcon.colcon_core.shell:Creating environment descriptor '/home/dragon/Documents/ros2Work/install/interfaces/share/interfaces/hook/ld_library_path_lib.dsv'
[1.112s] INFO:colcon.colcon_core.shell:Creating environment hook '/home/dragon/Documents/ros2Work/install/interfaces/share/interfaces/hook/ld_library_path_lib.sh'
[1.112s] Level 1:colcon.colcon_core.environment:checking '/home/dragon/Documents/ros2Work/install/interfaces/bin'
[1.112s] Level 1:colcon.colcon_core.environment:checking '/home/dragon/Documents/ros2Work/install/interfaces/lib/pkgconfig/interfaces.pc'
[1.112s] Level 1:colcon.colcon_core.environment:checking '/home/dragon/Documents/ros2Work/install/interfaces/lib/python3.8/site-packages'
[1.112s] Level 1:colcon.colcon_core.shell:create_environment_hook('interfaces', 'pythonpath')
[1.128s] INFO:colcon.colcon_core.shell:Creating environment descriptor '/home/dragon/Documents/ros2Work/install/interfaces/share/interfaces/hook/pythonpath.dsv'
[1.128s] INFO:colcon.colcon_core.shell:Creating environment hook '/home/dragon/Documents/ros2Work/install/interfaces/share/interfaces/hook/pythonpath.sh'
[1.128s] Level 1:colcon.colcon_core.environment:checking '/home/dragon/Documents/ros2Work/install/interfaces/bin'
[1.144s] INFO:colcon.colcon_core.shell:Creating package descriptor '/home/dragon/Documents/ros2Work/install/interfaces/share/interfaces/package.dsv'
[1.145s] INFO:colcon.colcon_core.shell:Creating package script '/home/dragon/Documents/ros2Work/install/interfaces/share/interfaces/package.sh'
[1.145s] Level 1:colcon.colcon_core.environment:create_file_with_runtime_dependencies(/home/dragon/Documents/ros2Work/install/interfaces/share/colcon-core/packages/interfaces)
[1.145s] DEBUG:colcon.colcon_core.executor.sequential:run_until_complete 'interfaces' finished with '0'
[1.145s] DEBUG:colcon.colcon_core.executor.sequential:run_until_complete 'topicdemo'
[1.145s] INFO:colcon.colcon_ros.task.ament_cmake.build:Building ROS package in '/home/dragon/Documents/ros2Work/src/topicdemo' with build type 'ament_cmake'
[1.145s] INFO:colcon.colcon_cmake.task.cmake.build:Building CMake package in '/home/dragon/Documents/ros2Work/src/topicdemo'
[1.162s] DEBUG:colcon.colcon_core.shell:Skip shell extension 'dsv' for command environment
[1.200s] DEBUG:colcon.colcon_core.event_handler.log_command:Invoking command in '/home/dragon/Documents/ros2Work/build/topicdemo': CMAKE_PREFIX_PATH=/opt/ros/foxy /usr/bin/cmake --build /home/dragon/Documents/ros2Work/build/topicdemo -- -j20 -l20
[1.240s] DEBUG:colcon.colcon_core.event_handler.log_command:Invoked command in '/home/dragon/Documents/ros2Work/build/topicdemo' returned '0': CMAKE_PREFIX_PATH=/opt/ros/foxy /usr/bin/cmake --build /home/dragon/Documents/ros2Work/build/topicdemo -- -j20 -l20
[1.255s] DEBUG:colcon.colcon_core.event_handler.log_command:Invoking command in '/home/dragon/Documents/ros2Work/build/topicdemo': CMAKE_PREFIX_PATH=/opt/ros/foxy /usr/bin/cmake --install /home/dragon/Documents/ros2Work/build/topicdemo
[1.263s] Level 1:colcon.colcon_core.environment:create_environment_scripts_only(topicdemo)
[1.264s] DEBUG:colcon.colcon_core.event_handler.log_command:Invoked command in '/home/dragon/Documents/ros2Work/build/topicdemo' returned '0': CMAKE_PREFIX_PATH=/opt/ros/foxy /usr/bin/cmake --install /home/dragon/Documents/ros2Work/build/topicdemo
[1.281s] Level 1:colcon.colcon_core.environment:checking '/home/dragon/Documents/ros2Work/install/topicdemo' for CMake module files
[1.282s] Level 1:colcon.colcon_core.environment:checking '/home/dragon/Documents/ros2Work/install/topicdemo' for CMake config files
[1.282s] Level 1:colcon.colcon_core.shell:create_environment_hook('topicdemo', 'cmake_prefix_path')
[1.298s] INFO:colcon.colcon_core.shell:Creating environment descriptor '/home/dragon/Documents/ros2Work/install/topicdemo/share/topicdemo/hook/cmake_prefix_path.dsv'
[1.298s] INFO:colcon.colcon_core.shell:Creating environment hook '/home/dragon/Documents/ros2Work/install/topicdemo/share/topicdemo/hook/cmake_prefix_path.sh'
[1.299s] Level 1:colcon.colcon_core.environment:checking '/home/dragon/Documents/ros2Work/install/topicdemo/lib'
[1.299s] Level 1:colcon.colcon_core.environment:checking '/home/dragon/Documents/ros2Work/install/topicdemo/bin'
[1.299s] Level 1:colcon.colcon_core.environment:checking '/home/dragon/Documents/ros2Work/install/topicdemo/lib/pkgconfig/topicdemo.pc'
[1.299s] Level 1:colcon.colcon_core.environment:checking '/home/dragon/Documents/ros2Work/install/topicdemo/lib/python3.8/site-packages'
[1.299s] Level 1:colcon.colcon_core.environment:checking '/home/dragon/Documents/ros2Work/install/topicdemo/bin'
[1.315s] INFO:colcon.colcon_core.shell:Creating package descriptor '/home/dragon/Documents/ros2Work/install/topicdemo/share/topicdemo/package.dsv'
[1.315s] INFO:colcon.colcon_core.shell:Creating package script '/home/dragon/Documents/ros2Work/install/topicdemo/share/topicdemo/package.sh'
[1.315s] Level 1:colcon.colcon_core.environment:create_file_with_runtime_dependencies(/home/dragon/Documents/ros2Work/install/topicdemo/share/colcon-core/packages/topicdemo)
[1.352s] Level 1:colcon.colcon_core.environment:create_environment_scripts_only(topicdemo)
[1.368s] Level 1:colcon.colcon_core.environment:checking '/home/dragon/Documents/ros2Work/install/topicdemo' for CMake module files
[1.368s] Level 1:colcon.colcon_core.environment:checking '/home/dragon/Documents/ros2Work/install/topicdemo' for CMake config files
[1.368s] Level 1:colcon.colcon_core.shell:create_environment_hook('topicdemo', 'cmake_prefix_path')
[1.384s] INFO:colcon.colcon_core.shell:Creating environment descriptor '/home/dragon/Documents/ros2Work/install/topicdemo/share/topicdemo/hook/cmake_prefix_path.dsv'
[1.384s] INFO:colcon.colcon_core.shell:Creating environment hook '/home/dragon/Documents/ros2Work/install/topicdemo/share/topicdemo/hook/cmake_prefix_path.sh'
[1.384s] Level 1:colcon.colcon_core.environment:checking '/home/dragon/Documents/ros2Work/install/topicdemo/lib'
[1.384s] Level 1:colcon.colcon_core.environment:checking '/home/dragon/Documents/ros2Work/install/topicdemo/bin'
[1.384s] Level 1:colcon.colcon_core.environment:checking '/home/dragon/Documents/ros2Work/install/topicdemo/lib/pkgconfig/topicdemo.pc'
[1.384s] Level 1:colcon.colcon_core.environment:checking '/home/dragon/Documents/ros2Work/install/topicdemo/lib/python3.8/site-packages'
[1.384s] Level 1:colcon.colcon_core.environment:checking '/home/dragon/Documents/ros2Work/install/topicdemo/bin'
[1.401s] INFO:colcon.colcon_core.shell:Creating package descriptor '/home/dragon/Documents/ros2Work/install/topicdemo/share/topicdemo/package.dsv'
[1.401s] INFO:colcon.colcon_core.shell:Creating package script '/home/dragon/Documents/ros2Work/install/topicdemo/share/topicdemo/package.sh'
[1.401s] Level 1:colcon.colcon_core.environment:create_file_with_runtime_dependencies(/home/dragon/Documents/ros2Work/install/topicdemo/share/colcon-core/packages/topicdemo)
[1.401s] DEBUG:colcon.colcon_core.executor.sequential:run_until_complete 'topicdemo' finished with '0'
[1.401s] DEBUG:colcon.colcon_core.executor.sequential:run_until_complete 'servicedemo'
[1.401s] INFO:colcon.colcon_ros.task.ament_cmake.build:Building ROS package in '/home/dragon/Documents/ros2Work/src/servicedemo' with build type 'ament_cmake'
[1.401s] INFO:colcon.colcon_cmake.task.cmake.build:Building CMake package in '/home/dragon/Documents/ros2Work/src/servicedemo'
[1.418s] DEBUG:colcon.colcon_core.shell:Skip shell extension 'dsv' for command environment
[1.458s] DEBUG:colcon.colcon_core.event_handler.log_command:Invoking command in '/home/dragon/Documents/ros2Work/build/servicedemo': AMENT_PREFIX_PATH=/home/dragon/Documents/ros2Work/install/interfaces:${AMENT_PREFIX_PATH} CMAKE_PREFIX_PATH=/home/dragon/Documents/ros2Work/install/interfaces:/opt/ros/foxy LD_LIBRARY_PATH=/home/dragon/Documents/ros2Work/install/interfaces/lib:${LD_LIBRARY_PATH} PYTHONPATH=/home/dragon/Documents/ros2Work/install/interfaces/lib/python3.8/site-packages:${PYTHONPATH} /usr/bin/cmake --build /home/dragon/Documents/ros2Work/build/servicedemo -- -j20 -l20
[2.285s] DEBUG:colcon.colcon_core.event_handler.log_command:Invoked command in '/home/dragon/Documents/ros2Work/build/servicedemo' returned '2': AMENT_PREFIX_PATH=/home/dragon/Documents/ros2Work/install/interfaces:${AMENT_PREFIX_PATH} CMAKE_PREFIX_PATH=/home/dragon/Documents/ros2Work/install/interfaces:/opt/ros/foxy LD_LIBRARY_PATH=/home/dragon/Documents/ros2Work/install/interfaces/lib:${LD_LIBRARY_PATH} PYTHONPATH=/home/dragon/Documents/ros2Work/install/interfaces/lib/python3.8/site-packages:${PYTHONPATH} /usr/bin/cmake --build /home/dragon/Documents/ros2Work/build/servicedemo -- -j20 -l20
[2.317s] Level 1:colcon.colcon_core.environment:create_environment_scripts_only(servicedemo)
[2.333s] Level 1:colcon.colcon_core.environment:checking '/home/dragon/Documents/ros2Work/install/servicedemo' for CMake module files
[2.333s] Level 1:colcon.colcon_core.environment:checking '/home/dragon/Documents/ros2Work/install/servicedemo' for CMake config files
[2.333s] Level 1:colcon.colcon_core.shell:create_environment_hook('servicedemo', 'cmake_prefix_path')
[2.350s] INFO:colcon.colcon_core.shell:Creating environment descriptor '/home/dragon/Documents/ros2Work/install/servicedemo/share/servicedemo/hook/cmake_prefix_path.dsv'
[2.350s] INFO:colcon.colcon_core.shell:Creating environment hook '/home/dragon/Documents/ros2Work/install/servicedemo/share/servicedemo/hook/cmake_prefix_path.sh'
[2.350s] Level 1:colcon.colcon_core.environment:checking '/home/dragon/Documents/ros2Work/install/servicedemo/lib'
[2.350s] Level 1:colcon.colcon_core.environment:checking '/home/dragon/Documents/ros2Work/install/servicedemo/bin'
[2.350s] Level 1:colcon.colcon_core.environment:checking '/home/dragon/Documents/ros2Work/install/servicedemo/lib/pkgconfig/servicedemo.pc'
[2.350s] Level 1:colcon.colcon_core.environment:checking '/home/dragon/Documents/ros2Work/install/servicedemo/lib/python3.8/site-packages'
[2.351s] Level 1:colcon.colcon_core.environment:checking '/home/dragon/Documents/ros2Work/install/servicedemo/bin'
[2.366s] INFO:colcon.colcon_core.shell:Creating package descriptor '/home/dragon/Documents/ros2Work/install/servicedemo/share/servicedemo/package.dsv'
[2.367s] INFO:colcon.colcon_core.shell:Creating package script '/home/dragon/Documents/ros2Work/install/servicedemo/share/servicedemo/package.sh'
[2.367s] Level 1:colcon.colcon_core.environment:create_file_with_runtime_dependencies(/home/dragon/Documents/ros2Work/install/servicedemo/share/colcon-core/packages/servicedemo)
[2.367s] DEBUG:colcon.colcon_core.executor.sequential:run_until_complete 'servicedemo' finished with '2'
[2.367s] DEBUG:colcon.colcon_core.executor.sequential:closing loop
[2.367s] DEBUG:colcon.colcon_core.executor.sequential:loop closed
[2.367s] DEBUG:colcon.colcon_core.event_reactor:joining thread
[2.368s] DEBUG:colcon.colcon_core.event_reactor:joined thread
[2.384s] INFO:colcon.colcon_core.shell:Creating prefix script '/home/dragon/Documents/ros2Work/install/local_setup.sh'
[2.384s] INFO:colcon.colcon_core.shell:Creating prefix util module '/home/dragon/Documents/ros2Work/install/_local_setup_util_sh.py'
[2.385s] INFO:colcon.colcon_core.shell:Creating prefix chain script '/home/dragon/Documents/ros2Work/install/setup.sh'
