[0.159s] DEBUG:colcon:Command line arguments: ['/usr/bin/colcon', 'build']
[0.159s] DEBUG:colcon:Parsed command line arguments: Namespace(ament_cmake_args=None, base_paths=['.'], build_base='build', catkin_cmake_args=None, catkin_skip_building_tests=False, cmake_args=None, cmake_clean_cache=False, cmake_clean_first=False, cmake_force_configure=False, cmake_target=None, cmake_target_skip_unavailable=False, continue_on_error=False, event_handlers=None, executor='sequential', install_base='install', log_base=None, log_level=None, main=<bound method BuildVerb.main of <colcon_core.verb.build.BuildVerb object at 0x7f44a6e30bb0>>, merge_install=False, paths=None, symlink_install=False, test_result_base=None, verb_extension=<colcon_core.verb.build.BuildVerb object at 0x7f44a6e30bb0>, verb_name='build', verb_parser=CustomArgumentParser(prog='colcon build', usage=None, description='Build a set of packages.', formatter_class=<class 'colcon_core.command.CustomFormatter'>, conflict_handler='error', add_help=True))
[0.280s] Level 1:colcon.colcon_core.package_discovery:discover_packages(recursive) check parameters
[0.280s] Level 1:colcon.colcon_core.package_discovery:discover_packages(path) check parameters
[0.280s] Level 1:colcon.colcon_core.package_discovery:discover_packages(recursive) discover
[0.280s] INFO:colcon.colcon_core.package_discovery:Crawling recursively for packages in '/home/dragon/Documents/ros2Work'
[0.280s] Level 1:colcon.colcon_core.package_identification:_identify(.) by extensions ['ignore', 'ignore_ament_install']
[0.280s] Level 1:colcon.colcon_core.package_identification:_identify(.) by extension 'ignore'
[0.280s] Level 1:colcon.colcon_core.package_identification:_identify(.) by extension 'ignore_ament_install'
[0.280s] Level 1:colcon.colcon_core.package_identification:_identify(.) by extensions ['ros']
[0.280s] Level 1:colcon.colcon_core.package_identification:_identify(.) by extension 'ros'
[0.287s] Level 1:colcon.colcon_core.package_identification:_identify(.) by extensions ['cmake', 'python']
[0.287s] Level 1:colcon.colcon_core.package_identification:_identify(.) by extension 'cmake'
[0.287s] Level 1:colcon.colcon_core.package_identification:_identify(.) by extension 'python'
[0.287s] Level 1:colcon.colcon_core.package_identification:_identify(.) by extensions ['python_setup_py']
[0.287s] Level 1:colcon.colcon_core.package_identification:_identify(.) by extension 'python_setup_py'
[0.287s] Level 1:colcon.colcon_core.package_identification:_identify(build) by extensions ['ignore', 'ignore_ament_install']
[0.287s] Level 1:colcon.colcon_core.package_identification:_identify(build) by extension 'ignore'
[0.288s] Level 1:colcon.colcon_core.package_identification:_identify(build) ignored
[0.288s] Level 1:colcon.colcon_core.package_identification:_identify(install) by extensions ['ignore', 'ignore_ament_install']
[0.288s] Level 1:colcon.colcon_core.package_identification:_identify(install) by extension 'ignore'
[0.288s] Level 1:colcon.colcon_core.package_identification:_identify(install) ignored
[0.288s] Level 1:colcon.colcon_core.package_identification:_identify(log) by extensions ['ignore', 'ignore_ament_install']
[0.288s] Level 1:colcon.colcon_core.package_identification:_identify(log) by extension 'ignore'
[0.288s] Level 1:colcon.colcon_core.package_identification:_identify(log) ignored
[0.288s] Level 1:colcon.colcon_core.package_identification:_identify(src) by extensions ['ignore', 'ignore_ament_install']
[0.288s] Level 1:colcon.colcon_core.package_identification:_identify(src) by extension 'ignore'
[0.288s] Level 1:colcon.colcon_core.package_identification:_identify(src) by extension 'ignore_ament_install'
[0.288s] Level 1:colcon.colcon_core.package_identification:_identify(src) by extensions ['ros']
[0.288s] Level 1:colcon.colcon_core.package_identification:_identify(src) by extension 'ros'
[0.288s] Level 1:colcon.colcon_core.package_identification:_identify(src) by extensions ['cmake', 'python']
[0.288s] Level 1:colcon.colcon_core.package_identification:_identify(src) by extension 'cmake'
[0.288s] Level 1:colcon.colcon_core.package_identification:_identify(src) by extension 'python'
[0.288s] Level 1:colcon.colcon_core.package_identification:_identify(src) by extensions ['python_setup_py']
[0.288s] Level 1:colcon.colcon_core.package_identification:_identify(src) by extension 'python_setup_py'
[0.288s] Level 1:colcon.colcon_core.package_identification:_identify(src/control) by extensions ['ignore', 'ignore_ament_install']
[0.288s] Level 1:colcon.colcon_core.package_identification:_identify(src/control) by extension 'ignore'
[0.288s] Level 1:colcon.colcon_core.package_identification:_identify(src/control) by extension 'ignore_ament_install'
[0.288s] Level 1:colcon.colcon_core.package_identification:_identify(src/control) by extensions ['ros']
[0.288s] Level 1:colcon.colcon_core.package_identification:_identify(src/control) by extension 'ros'
[0.290s] DEBUG:colcon.colcon_core.package_identification:Package 'src/control' with type 'ros.ament_cmake' and name 'control'
[0.290s] Level 1:colcon.colcon_core.package_identification:_identify(src/interfaces) by extensions ['ignore', 'ignore_ament_install']
[0.290s] Level 1:colcon.colcon_core.package_identification:_identify(src/interfaces) by extension 'ignore'
[0.290s] Level 1:colcon.colcon_core.package_identification:_identify(src/interfaces) by extension 'ignore_ament_install'
[0.290s] Level 1:colcon.colcon_core.package_identification:_identify(src/interfaces) by extensions ['ros']
[0.290s] Level 1:colcon.colcon_core.package_identification:_identify(src/interfaces) by extension 'ros'
[0.290s] DEBUG:colcon.colcon_core.package_identification:Package 'src/interfaces' with type 'ros.ament_cmake' and name 'interfaces'
[0.290s] Level 1:colcon.colcon_core.package_identification:_identify(src/servicedemo) by extensions ['ignore', 'ignore_ament_install']
[0.291s] Level 1:colcon.colcon_core.package_identification:_identify(src/servicedemo) by extension 'ignore'
[0.291s] Level 1:colcon.colcon_core.package_identification:_identify(src/servicedemo) by extension 'ignore_ament_install'
[0.291s] Level 1:colcon.colcon_core.package_identification:_identify(src/servicedemo) by extensions ['ros']
[0.291s] Level 1:colcon.colcon_core.package_identification:_identify(src/servicedemo) by extension 'ros'
[0.291s] DEBUG:colcon.colcon_core.package_identification:Package 'src/servicedemo' with type 'ros.ament_cmake' and name 'servicedemo'
[0.291s] Level 1:colcon.colcon_core.package_identification:_identify(src/topicdemo) by extensions ['ignore', 'ignore_ament_install']
[0.291s] Level 1:colcon.colcon_core.package_identification:_identify(src/topicdemo) by extension 'ignore'
[0.291s] Level 1:colcon.colcon_core.package_identification:_identify(src/topicdemo) by extension 'ignore_ament_install'
[0.291s] Level 1:colcon.colcon_core.package_identification:_identify(src/topicdemo) by extensions ['ros']
[0.291s] Level 1:colcon.colcon_core.package_identification:_identify(src/topicdemo) by extension 'ros'
[0.292s] DEBUG:colcon.colcon_core.package_identification:Package 'src/topicdemo' with type 'ros.ament_cmake' and name 'topicdemo'
[0.292s] Level 1:colcon.colcon_core.package_discovery:discover_packages(recursive) using defaults
[0.292s] Level 1:colcon.colcon_core.package_discovery:discover_packages(path) discover
[0.292s] Level 1:colcon.colcon_core.package_discovery:discover_packages(path) using defaults
[0.375s] Level 5:colcon.colcon_core.verb:set package 'control' build argument 'cmake_args' from command line to 'None'
[0.375s] Level 5:colcon.colcon_core.verb:set package 'control' build argument 'cmake_target' from command line to 'None'
[0.375s] Level 5:colcon.colcon_core.verb:set package 'control' build argument 'cmake_target_skip_unavailable' from command line to 'False'
[0.375s] Level 5:colcon.colcon_core.verb:set package 'control' build argument 'cmake_clean_cache' from command line to 'False'
[0.375s] Level 5:colcon.colcon_core.verb:set package 'control' build argument 'cmake_clean_first' from command line to 'False'
[0.375s] Level 5:colcon.colcon_core.verb:set package 'control' build argument 'cmake_force_configure' from command line to 'False'
[0.375s] Level 5:colcon.colcon_core.verb:set package 'control' build argument 'ament_cmake_args' from command line to 'None'
[0.375s] Level 5:colcon.colcon_core.verb:set package 'control' build argument 'catkin_cmake_args' from command line to 'None'
[0.375s] Level 5:colcon.colcon_core.verb:set package 'control' build argument 'catkin_skip_building_tests' from command line to 'False'
[0.375s] DEBUG:colcon.colcon_core.verb:Building package 'control' with the following arguments: {'ament_cmake_args': None, 'build_base': '/home/dragon/Documents/ros2Work/build/control', 'catkin_cmake_args': None, 'catkin_skip_building_tests': False, 'cmake_args': None, 'cmake_clean_cache': False, 'cmake_clean_first': False, 'cmake_force_configure': False, 'cmake_target': None, 'cmake_target_skip_unavailable': False, 'install_base': '/home/dragon/Documents/ros2Work/install/control', 'merge_install': False, 'path': '/home/dragon/Documents/ros2Work/src/control', 'symlink_install': False, 'test_result_base': None}
[0.393s] Level 5:colcon.colcon_core.verb:set package 'interfaces' build argument 'cmake_args' from command line to 'None'
[0.393s] Level 5:colcon.colcon_core.verb:set package 'interfaces' build argument 'cmake_target' from command line to 'None'
[0.393s] Level 5:colcon.colcon_core.verb:set package 'interfaces' build argument 'cmake_target_skip_unavailable' from command line to 'False'
[0.393s] Level 5:colcon.colcon_core.verb:set package 'interfaces' build argument 'cmake_clean_cache' from command line to 'False'
[0.393s] Level 5:colcon.colcon_core.verb:set package 'interfaces' build argument 'cmake_clean_first' from command line to 'False'
[0.393s] Level 5:colcon.colcon_core.verb:set package 'interfaces' build argument 'cmake_force_configure' from command line to 'False'
[0.393s] Level 5:colcon.colcon_core.verb:set package 'interfaces' build argument 'ament_cmake_args' from command line to 'None'
[0.393s] Level 5:colcon.colcon_core.verb:set package 'interfaces' build argument 'catkin_cmake_args' from command line to 'None'
[0.393s] Level 5:colcon.colcon_core.verb:set package 'interfaces' build argument 'catkin_skip_building_tests' from command line to 'False'
[0.393s] DEBUG:colcon.colcon_core.verb:Building package 'interfaces' with the following arguments: {'ament_cmake_args': None, 'build_base': '/home/dragon/Documents/ros2Work/build/interfaces', 'catkin_cmake_args': None, 'catkin_skip_building_tests': False, 'cmake_args': None, 'cmake_clean_cache': False, 'cmake_clean_first': False, 'cmake_force_configure': False, 'cmake_target': None, 'cmake_target_skip_unavailable': False, 'install_base': '/home/dragon/Documents/ros2Work/install/interfaces', 'merge_install': False, 'path': '/home/dragon/Documents/ros2Work/src/interfaces', 'symlink_install': False, 'test_result_base': None}
[0.411s] Level 5:colcon.colcon_core.verb:set package 'topicdemo' build argument 'cmake_args' from command line to 'None'
[0.411s] Level 5:colcon.colcon_core.verb:set package 'topicdemo' build argument 'cmake_target' from command line to 'None'
[0.411s] Level 5:colcon.colcon_core.verb:set package 'topicdemo' build argument 'cmake_target_skip_unavailable' from command line to 'False'
[0.411s] Level 5:colcon.colcon_core.verb:set package 'topicdemo' build argument 'cmake_clean_cache' from command line to 'False'
[0.411s] Level 5:colcon.colcon_core.verb:set package 'topicdemo' build argument 'cmake_clean_first' from command line to 'False'
[0.411s] Level 5:colcon.colcon_core.verb:set package 'topicdemo' build argument 'cmake_force_configure' from command line to 'False'
[0.411s] Level 5:colcon.colcon_core.verb:set package 'topicdemo' build argument 'ament_cmake_args' from command line to 'None'
[0.411s] Level 5:colcon.colcon_core.verb:set package 'topicdemo' build argument 'catkin_cmake_args' from command line to 'None'
[0.411s] Level 5:colcon.colcon_core.verb:set package 'topicdemo' build argument 'catkin_skip_building_tests' from command line to 'False'
[0.411s] DEBUG:colcon.colcon_core.verb:Building package 'topicdemo' with the following arguments: {'ament_cmake_args': None, 'build_base': '/home/dragon/Documents/ros2Work/build/topicdemo', 'catkin_cmake_args': None, 'catkin_skip_building_tests': False, 'cmake_args': None, 'cmake_clean_cache': False, 'cmake_clean_first': False, 'cmake_force_configure': False, 'cmake_target': None, 'cmake_target_skip_unavailable': False, 'install_base': '/home/dragon/Documents/ros2Work/install/topicdemo', 'merge_install': False, 'path': '/home/dragon/Documents/ros2Work/src/topicdemo', 'symlink_install': False, 'test_result_base': None}
[0.430s] Level 5:colcon.colcon_core.verb:set package 'servicedemo' build argument 'cmake_args' from command line to 'None'
[0.430s] Level 5:colcon.colcon_core.verb:set package 'servicedemo' build argument 'cmake_target' from command line to 'None'
[0.430s] Level 5:colcon.colcon_core.verb:set package 'servicedemo' build argument 'cmake_target_skip_unavailable' from command line to 'False'
[0.430s] Level 5:colcon.colcon_core.verb:set package 'servicedemo' build argument 'cmake_clean_cache' from command line to 'False'
[0.430s] Level 5:colcon.colcon_core.verb:set package 'servicedemo' build argument 'cmake_clean_first' from command line to 'False'
[0.430s] Level 5:colcon.colcon_core.verb:set package 'servicedemo' build argument 'cmake_force_configure' from command line to 'False'
[0.430s] Level 5:colcon.colcon_core.verb:set package 'servicedemo' build argument 'ament_cmake_args' from command line to 'None'
[0.430s] Level 5:colcon.colcon_core.verb:set package 'servicedemo' build argument 'catkin_cmake_args' from command line to 'None'
[0.430s] Level 5:colcon.colcon_core.verb:set package 'servicedemo' build argument 'catkin_skip_building_tests' from command line to 'False'
[0.430s] DEBUG:colcon.colcon_core.verb:Building package 'servicedemo' with the following arguments: {'ament_cmake_args': None, 'build_base': '/home/dragon/Documents/ros2Work/build/servicedemo', 'catkin_cmake_args': None, 'catkin_skip_building_tests': False, 'cmake_args': None, 'cmake_clean_cache': False, 'cmake_clean_first': False, 'cmake_force_configure': False, 'cmake_target': None, 'cmake_target_skip_unavailable': False, 'install_base': '/home/dragon/Documents/ros2Work/install/servicedemo', 'merge_install': False, 'path': '/home/dragon/Documents/ros2Work/src/servicedemo', 'symlink_install': False, 'test_result_base': None}
[0.448s] INFO:colcon.colcon_core.executor:Executing jobs using 'sequential' executor
[0.473s] DEBUG:colcon.colcon_core.executor.sequential:run_until_complete 'control'
[0.473s] INFO:colcon.colcon_ros.task.ament_cmake.build:Building ROS package in '/home/dragon/Documents/ros2Work/src/control' with build type 'ament_cmake'
[0.474s] INFO:colcon.colcon_cmake.task.cmake.build:Building CMake package in '/home/dragon/Documents/ros2Work/src/control'
[0.492s] INFO:colcon.colcon_core.plugin_system:Skipping extension 'colcon_core.shell.bat': Not used on non-Windows systems
[0.493s] DEBUG:colcon.colcon_core.shell:Skip shell extension 'dsv' for command environment
[0.535s] DEBUG:colcon.colcon_core.event_handler.log_command:Invoking command in '/home/dragon/Documents/ros2Work/build/control': CMAKE_PREFIX_PATH=/opt/ros/foxy /usr/bin/cmake --build /home/dragon/Documents/ros2Work/build/control -- -j20 -l20
[0.580s] DEBUG:colcon.colcon_core.event_handler.log_command:Invoked command in '/home/dragon/Documents/ros2Work/build/control' returned '0': CMAKE_PREFIX_PATH=/opt/ros/foxy /usr/bin/cmake --build /home/dragon/Documents/ros2Work/build/control -- -j20 -l20
[0.603s] DEBUG:colcon.colcon_core.event_handler.log_command:Invoking command in '/home/dragon/Documents/ros2Work/build/control': CMAKE_PREFIX_PATH=/opt/ros/foxy /usr/bin/cmake --install /home/dragon/Documents/ros2Work/build/control
[0.611s] Level 1:colcon.colcon_core.environment:create_environment_scripts_only(control)
[0.612s] DEBUG:colcon.colcon_core.event_handler.log_command:Invoked command in '/home/dragon/Documents/ros2Work/build/control' returned '0': CMAKE_PREFIX_PATH=/opt/ros/foxy /usr/bin/cmake --install /home/dragon/Documents/ros2Work/build/control
[0.632s] Level 1:colcon.colcon_core.environment:checking '/home/dragon/Documents/ros2Work/install/control' for CMake module files
[0.632s] Level 1:colcon.colcon_core.environment:checking '/home/dragon/Documents/ros2Work/install/control' for CMake config files
[0.632s] Level 1:colcon.colcon_core.shell:create_environment_hook('control', 'cmake_prefix_path')
[0.651s] INFO:colcon.colcon_core.shell:Creating environment descriptor '/home/dragon/Documents/ros2Work/install/control/share/control/hook/cmake_prefix_path.dsv'
[0.651s] INFO:colcon.colcon_core.shell:Creating environment hook '/home/dragon/Documents/ros2Work/install/control/share/control/hook/cmake_prefix_path.sh'
[0.652s] Level 1:colcon.colcon_core.environment:checking '/home/dragon/Documents/ros2Work/install/control/lib'
[0.652s] Level 1:colcon.colcon_core.environment:checking '/home/dragon/Documents/ros2Work/install/control/bin'
[0.652s] Level 1:colcon.colcon_core.environment:checking '/home/dragon/Documents/ros2Work/install/control/lib/pkgconfig/control.pc'
[0.652s] Level 1:colcon.colcon_core.environment:checking '/home/dragon/Documents/ros2Work/install/control/lib/python3.8/site-packages'
[0.652s] Level 1:colcon.colcon_core.environment:checking '/home/dragon/Documents/ros2Work/install/control/bin'
[0.671s] INFO:colcon.colcon_core.shell:Creating package descriptor '/home/dragon/Documents/ros2Work/install/control/share/control/package.dsv'
[0.672s] INFO:colcon.colcon_core.shell:Creating package script '/home/dragon/Documents/ros2Work/install/control/share/control/package.sh'
[0.672s] Level 1:colcon.colcon_core.environment:create_file_with_runtime_dependencies(/home/dragon/Documents/ros2Work/install/control/share/colcon-core/packages/control)
[0.705s] Level 1:colcon.colcon_core.environment:create_environment_scripts_only(control)
[0.723s] Level 1:colcon.colcon_core.environment:checking '/home/dragon/Documents/ros2Work/install/control' for CMake module files
[0.723s] Level 1:colcon.colcon_core.environment:checking '/home/dragon/Documents/ros2Work/install/control' for CMake config files
[0.723s] Level 1:colcon.colcon_core.shell:create_environment_hook('control', 'cmake_prefix_path')
[0.740s] INFO:colcon.colcon_core.shell:Creating environment descriptor '/home/dragon/Documents/ros2Work/install/control/share/control/hook/cmake_prefix_path.dsv'
[0.741s] INFO:colcon.colcon_core.shell:Creating environment hook '/home/dragon/Documents/ros2Work/install/control/share/control/hook/cmake_prefix_path.sh'
[0.741s] Level 1:colcon.colcon_core.environment:checking '/home/dragon/Documents/ros2Work/install/control/lib'
[0.741s] Level 1:colcon.colcon_core.environment:checking '/home/dragon/Documents/ros2Work/install/control/bin'
[0.741s] Level 1:colcon.colcon_core.environment:checking '/home/dragon/Documents/ros2Work/install/control/lib/pkgconfig/control.pc'
[0.741s] Level 1:colcon.colcon_core.environment:checking '/home/dragon/Documents/ros2Work/install/control/lib/python3.8/site-packages'
[0.741s] Level 1:colcon.colcon_core.environment:checking '/home/dragon/Documents/ros2Work/install/control/bin'
[0.761s] INFO:colcon.colcon_core.shell:Creating package descriptor '/home/dragon/Documents/ros2Work/install/control/share/control/package.dsv'
[0.762s] INFO:colcon.colcon_core.shell:Creating package script '/home/dragon/Documents/ros2Work/install/control/share/control/package.sh'
[0.762s] Level 1:colcon.colcon_core.environment:create_file_with_runtime_dependencies(/home/dragon/Documents/ros2Work/install/control/share/colcon-core/packages/control)
[0.762s] DEBUG:colcon.colcon_core.executor.sequential:run_until_complete 'control' finished with '0'
[0.762s] DEBUG:colcon.colcon_core.executor.sequential:run_until_complete 'interfaces'
[0.762s] INFO:colcon.colcon_ros.task.ament_cmake.build:Building ROS package in '/home/dragon/Documents/ros2Work/src/interfaces' with build type 'ament_cmake'
[0.763s] INFO:colcon.colcon_cmake.task.cmake.build:Building CMake package in '/home/dragon/Documents/ros2Work/src/interfaces'
[0.782s] DEBUG:colcon.colcon_core.shell:Skip shell extension 'dsv' for command environment
[0.823s] DEBUG:colcon.colcon_core.event_handler.log_command:Invoking command in '/home/dragon/Documents/ros2Work/build/interfaces': CMAKE_PREFIX_PATH=/opt/ros/foxy /usr/bin/cmake --build /home/dragon/Documents/ros2Work/build/interfaces -- -j20 -l20
[0.976s] DEBUG:colcon.colcon_core.event_handler.log_command:Invoked command in '/home/dragon/Documents/ros2Work/build/interfaces' returned '0': CMAKE_PREFIX_PATH=/opt/ros/foxy /usr/bin/cmake --build /home/dragon/Documents/ros2Work/build/interfaces -- -j20 -l20
[1.008s] DEBUG:colcon.colcon_core.event_handler.log_command:Invoking command in '/home/dragon/Documents/ros2Work/build/interfaces': CMAKE_PREFIX_PATH=/opt/ros/foxy /usr/bin/cmake --install /home/dragon/Documents/ros2Work/build/interfaces
[1.041s] Level 1:colcon.colcon_core.environment:create_environment_scripts_only(interfaces)
[1.041s] DEBUG:colcon.colcon_core.event_handler.log_command:Invoked command in '/home/dragon/Documents/ros2Work/build/interfaces' returned '0': CMAKE_PREFIX_PATH=/opt/ros/foxy /usr/bin/cmake --install /home/dragon/Documents/ros2Work/build/interfaces
[1.060s] Level 1:colcon.colcon_core.environment:checking '/home/dragon/Documents/ros2Work/install/interfaces' for CMake module files
[1.060s] Level 1:colcon.colcon_core.environment:checking '/home/dragon/Documents/ros2Work/install/interfaces' for CMake config files
[1.061s] Level 1:colcon.colcon_core.shell:create_environment_hook('interfaces', 'cmake_prefix_path')
[1.078s] INFO:colcon.colcon_core.shell:Creating environment descriptor '/home/dragon/Documents/ros2Work/install/interfaces/share/interfaces/hook/cmake_prefix_path.dsv'
[1.078s] INFO:colcon.colcon_core.shell:Creating environment hook '/home/dragon/Documents/ros2Work/install/interfaces/share/interfaces/hook/cmake_prefix_path.sh'
[1.079s] Level 1:colcon.colcon_core.environment:checking '/home/dragon/Documents/ros2Work/install/interfaces/lib'
[1.079s] Level 1:colcon.colcon_core.shell:create_environment_hook('interfaces', 'ld_library_path_lib')
[1.095s] INFO:colcon.colcon_core.shell:Creating environment descriptor '/home/dragon/Documents/ros2Work/install/interfaces/share/interfaces/hook/ld_library_path_lib.dsv'
[1.095s] INFO:colcon.colcon_core.shell:Creating environment hook '/home/dragon/Documents/ros2Work/install/interfaces/share/interfaces/hook/ld_library_path_lib.sh'
[1.095s] Level 1:colcon.colcon_core.environment:checking '/home/dragon/Documents/ros2Work/install/interfaces/bin'
[1.095s] Level 1:colcon.colcon_core.environment:checking '/home/dragon/Documents/ros2Work/install/interfaces/lib/pkgconfig/interfaces.pc'
[1.095s] Level 1:colcon.colcon_core.environment:checking '/home/dragon/Documents/ros2Work/install/interfaces/lib/python3.8/site-packages'
[1.095s] Level 1:colcon.colcon_core.shell:create_environment_hook('interfaces', 'pythonpath')
[1.112s] INFO:colcon.colcon_core.shell:Creating environment descriptor '/home/dragon/Documents/ros2Work/install/interfaces/share/interfaces/hook/pythonpath.dsv'
[1.112s] INFO:colcon.colcon_core.shell:Creating environment hook '/home/dragon/Documents/ros2Work/install/interfaces/share/interfaces/hook/pythonpath.sh'
[1.112s] Level 1:colcon.colcon_core.environment:checking '/home/dragon/Documents/ros2Work/install/interfaces/bin'
[1.128s] INFO:colcon.colcon_core.shell:Creating package descriptor '/home/dragon/Documents/ros2Work/install/interfaces/share/interfaces/package.dsv'
[1.129s] INFO:colcon.colcon_core.shell:Creating package script '/home/dragon/Documents/ros2Work/install/interfaces/share/interfaces/package.sh'
[1.129s] Level 1:colcon.colcon_core.environment:create_file_with_runtime_dependencies(/home/dragon/Documents/ros2Work/install/interfaces/share/colcon-core/packages/interfaces)
[1.171s] Level 1:colcon.colcon_core.environment:create_environment_scripts_only(interfaces)
[1.188s] Level 1:colcon.colcon_core.environment:checking '/home/dragon/Documents/ros2Work/install/interfaces' for CMake module files
[1.188s] Level 1:colcon.colcon_core.environment:checking '/home/dragon/Documents/ros2Work/install/interfaces' for CMake config files
[1.188s] Level 1:colcon.colcon_core.shell:create_environment_hook('interfaces', 'cmake_prefix_path')
[1.206s] INFO:colcon.colcon_core.shell:Creating environment descriptor '/home/dragon/Documents/ros2Work/install/interfaces/share/interfaces/hook/cmake_prefix_path.dsv'
[1.206s] INFO:colcon.colcon_core.shell:Creating environment hook '/home/dragon/Documents/ros2Work/install/interfaces/share/interfaces/hook/cmake_prefix_path.sh'
[1.207s] Level 1:colcon.colcon_core.environment:checking '/home/dragon/Documents/ros2Work/install/interfaces/lib'
[1.207s] Level 1:colcon.colcon_core.shell:create_environment_hook('interfaces', 'ld_library_path_lib')
[1.224s] INFO:colcon.colcon_core.shell:Creating environment descriptor '/home/dragon/Documents/ros2Work/install/interfaces/share/interfaces/hook/ld_library_path_lib.dsv'
[1.224s] INFO:colcon.colcon_core.shell:Creating environment hook '/home/dragon/Documents/ros2Work/install/interfaces/share/interfaces/hook/ld_library_path_lib.sh'
[1.225s] Level 1:colcon.colcon_core.environment:checking '/home/dragon/Documents/ros2Work/install/interfaces/bin'
[1.225s] Level 1:colcon.colcon_core.environment:checking '/home/dragon/Documents/ros2Work/install/interfaces/lib/pkgconfig/interfaces.pc'
[1.225s] Level 1:colcon.colcon_core.environment:checking '/home/dragon/Documents/ros2Work/install/interfaces/lib/python3.8/site-packages'
[1.225s] Level 1:colcon.colcon_core.shell:create_environment_hook('interfaces', 'pythonpath')
[1.241s] INFO:colcon.colcon_core.shell:Creating environment descriptor '/home/dragon/Documents/ros2Work/install/interfaces/share/interfaces/hook/pythonpath.dsv'
[1.242s] INFO:colcon.colcon_core.shell:Creating environment hook '/home/dragon/Documents/ros2Work/install/interfaces/share/interfaces/hook/pythonpath.sh'
[1.242s] Level 1:colcon.colcon_core.environment:checking '/home/dragon/Documents/ros2Work/install/interfaces/bin'
[1.260s] INFO:colcon.colcon_core.shell:Creating package descriptor '/home/dragon/Documents/ros2Work/install/interfaces/share/interfaces/package.dsv'
[1.260s] INFO:colcon.colcon_core.shell:Creating package script '/home/dragon/Documents/ros2Work/install/interfaces/share/interfaces/package.sh'
[1.260s] Level 1:colcon.colcon_core.environment:create_file_with_runtime_dependencies(/home/dragon/Documents/ros2Work/install/interfaces/share/colcon-core/packages/interfaces)
[1.261s] DEBUG:colcon.colcon_core.executor.sequential:run_until_complete 'interfaces' finished with '0'
[1.261s] DEBUG:colcon.colcon_core.executor.sequential:run_until_complete 'topicdemo'
[1.261s] INFO:colcon.colcon_ros.task.ament_cmake.build:Building ROS package in '/home/dragon/Documents/ros2Work/src/topicdemo' with build type 'ament_cmake'
[1.261s] INFO:colcon.colcon_cmake.task.cmake.build:Building CMake package in '/home/dragon/Documents/ros2Work/src/topicdemo'
[1.280s] DEBUG:colcon.colcon_core.shell:Skip shell extension 'dsv' for command environment
[1.322s] DEBUG:colcon.colcon_core.event_handler.log_command:Invoking command in '/home/dragon/Documents/ros2Work/build/topicdemo': CMAKE_PREFIX_PATH=/opt/ros/foxy /usr/bin/cmake --build /home/dragon/Documents/ros2Work/build/topicdemo -- -j20 -l20
[1.360s] DEBUG:colcon.colcon_core.event_handler.log_command:Invoked command in '/home/dragon/Documents/ros2Work/build/topicdemo' returned '0': CMAKE_PREFIX_PATH=/opt/ros/foxy /usr/bin/cmake --build /home/dragon/Documents/ros2Work/build/topicdemo -- -j20 -l20
[1.375s] DEBUG:colcon.colcon_core.event_handler.log_command:Invoking command in '/home/dragon/Documents/ros2Work/build/topicdemo': CMAKE_PREFIX_PATH=/opt/ros/foxy /usr/bin/cmake --install /home/dragon/Documents/ros2Work/build/topicdemo
[1.383s] Level 1:colcon.colcon_core.environment:create_environment_scripts_only(topicdemo)
[1.383s] DEBUG:colcon.colcon_core.event_handler.log_command:Invoked command in '/home/dragon/Documents/ros2Work/build/topicdemo' returned '0': CMAKE_PREFIX_PATH=/opt/ros/foxy /usr/bin/cmake --install /home/dragon/Documents/ros2Work/build/topicdemo
[1.403s] Level 1:colcon.colcon_core.environment:checking '/home/dragon/Documents/ros2Work/install/topicdemo' for CMake module files
[1.404s] Level 1:colcon.colcon_core.environment:checking '/home/dragon/Documents/ros2Work/install/topicdemo' for CMake config files
[1.404s] Level 1:colcon.colcon_core.shell:create_environment_hook('topicdemo', 'cmake_prefix_path')
[1.423s] INFO:colcon.colcon_core.shell:Creating environment descriptor '/home/dragon/Documents/ros2Work/install/topicdemo/share/topicdemo/hook/cmake_prefix_path.dsv'
[1.423s] INFO:colcon.colcon_core.shell:Creating environment hook '/home/dragon/Documents/ros2Work/install/topicdemo/share/topicdemo/hook/cmake_prefix_path.sh'
[1.423s] Level 1:colcon.colcon_core.environment:checking '/home/dragon/Documents/ros2Work/install/topicdemo/lib'
[1.423s] Level 1:colcon.colcon_core.environment:checking '/home/dragon/Documents/ros2Work/install/topicdemo/bin'
[1.423s] Level 1:colcon.colcon_core.environment:checking '/home/dragon/Documents/ros2Work/install/topicdemo/lib/pkgconfig/topicdemo.pc'
[1.424s] Level 1:colcon.colcon_core.environment:checking '/home/dragon/Documents/ros2Work/install/topicdemo/lib/python3.8/site-packages'
[1.424s] Level 1:colcon.colcon_core.environment:checking '/home/dragon/Documents/ros2Work/install/topicdemo/bin'
[1.441s] INFO:colcon.colcon_core.shell:Creating package descriptor '/home/dragon/Documents/ros2Work/install/topicdemo/share/topicdemo/package.dsv'
[1.441s] INFO:colcon.colcon_core.shell:Creating package script '/home/dragon/Documents/ros2Work/install/topicdemo/share/topicdemo/package.sh'
[1.442s] Level 1:colcon.colcon_core.environment:create_file_with_runtime_dependencies(/home/dragon/Documents/ros2Work/install/topicdemo/share/colcon-core/packages/topicdemo)
[1.481s] Level 1:colcon.colcon_core.environment:create_environment_scripts_only(topicdemo)
[1.498s] Level 1:colcon.colcon_core.environment:checking '/home/dragon/Documents/ros2Work/install/topicdemo' for CMake module files
[1.498s] Level 1:colcon.colcon_core.environment:checking '/home/dragon/Documents/ros2Work/install/topicdemo' for CMake config files
[1.498s] Level 1:colcon.colcon_core.shell:create_environment_hook('topicdemo', 'cmake_prefix_path')
[1.514s] INFO:colcon.colcon_core.shell:Creating environment descriptor '/home/dragon/Documents/ros2Work/install/topicdemo/share/topicdemo/hook/cmake_prefix_path.dsv'
[1.515s] INFO:colcon.colcon_core.shell:Creating environment hook '/home/dragon/Documents/ros2Work/install/topicdemo/share/topicdemo/hook/cmake_prefix_path.sh'
[1.515s] Level 1:colcon.colcon_core.environment:checking '/home/dragon/Documents/ros2Work/install/topicdemo/lib'
[1.515s] Level 1:colcon.colcon_core.environment:checking '/home/dragon/Documents/ros2Work/install/topicdemo/bin'
[1.515s] Level 1:colcon.colcon_core.environment:checking '/home/dragon/Documents/ros2Work/install/topicdemo/lib/pkgconfig/topicdemo.pc'
[1.515s] Level 1:colcon.colcon_core.environment:checking '/home/dragon/Documents/ros2Work/install/topicdemo/lib/python3.8/site-packages'
[1.515s] Level 1:colcon.colcon_core.environment:checking '/home/dragon/Documents/ros2Work/install/topicdemo/bin'
[1.531s] INFO:colcon.colcon_core.shell:Creating package descriptor '/home/dragon/Documents/ros2Work/install/topicdemo/share/topicdemo/package.dsv'
[1.532s] INFO:colcon.colcon_core.shell:Creating package script '/home/dragon/Documents/ros2Work/install/topicdemo/share/topicdemo/package.sh'
[1.532s] Level 1:colcon.colcon_core.environment:create_file_with_runtime_dependencies(/home/dragon/Documents/ros2Work/install/topicdemo/share/colcon-core/packages/topicdemo)
[1.532s] DEBUG:colcon.colcon_core.executor.sequential:run_until_complete 'topicdemo' finished with '0'
[1.532s] DEBUG:colcon.colcon_core.executor.sequential:run_until_complete 'servicedemo'
[1.532s] INFO:colcon.colcon_ros.task.ament_cmake.build:Building ROS package in '/home/dragon/Documents/ros2Work/src/servicedemo' with build type 'ament_cmake'
[1.532s] INFO:colcon.colcon_cmake.task.cmake.build:Building CMake package in '/home/dragon/Documents/ros2Work/src/servicedemo'
[1.549s] DEBUG:colcon.colcon_core.shell:Skip shell extension 'dsv' for command environment
[1.591s] DEBUG:colcon.colcon_core.event_handler.log_command:Invoking command in '/home/dragon/Documents/ros2Work/build/servicedemo': AMENT_PREFIX_PATH=/home/dragon/Documents/ros2Work/install/interfaces:${AMENT_PREFIX_PATH} CMAKE_PREFIX_PATH=/home/dragon/Documents/ros2Work/install/interfaces:/opt/ros/foxy LD_LIBRARY_PATH=/home/dragon/Documents/ros2Work/install/interfaces/lib:${LD_LIBRARY_PATH} PYTHONPATH=/home/dragon/Documents/ros2Work/install/interfaces/lib/python3.8/site-packages:${PYTHONPATH} /usr/bin/cmake --build /home/dragon/Documents/ros2Work/build/servicedemo -- -j20 -l20
[3.064s] DEBUG:colcon.colcon_core.event_handler.log_command:Invoked command in '/home/dragon/Documents/ros2Work/build/servicedemo' returned '0': AMENT_PREFIX_PATH=/home/dragon/Documents/ros2Work/install/interfaces:${AMENT_PREFIX_PATH} CMAKE_PREFIX_PATH=/home/dragon/Documents/ros2Work/install/interfaces:/opt/ros/foxy LD_LIBRARY_PATH=/home/dragon/Documents/ros2Work/install/interfaces/lib:${LD_LIBRARY_PATH} PYTHONPATH=/home/dragon/Documents/ros2Work/install/interfaces/lib/python3.8/site-packages:${PYTHONPATH} /usr/bin/cmake --build /home/dragon/Documents/ros2Work/build/servicedemo -- -j20 -l20
[3.078s] DEBUG:colcon.colcon_core.event_handler.log_command:Invoking command in '/home/dragon/Documents/ros2Work/build/servicedemo': AMENT_PREFIX_PATH=/home/dragon/Documents/ros2Work/install/interfaces:${AMENT_PREFIX_PATH} CMAKE_PREFIX_PATH=/home/dragon/Documents/ros2Work/install/interfaces:/opt/ros/foxy LD_LIBRARY_PATH=/home/dragon/Documents/ros2Work/install/interfaces/lib:${LD_LIBRARY_PATH} PYTHONPATH=/home/dragon/Documents/ros2Work/install/interfaces/lib/python3.8/site-packages:${PYTHONPATH} /usr/bin/cmake --install /home/dragon/Documents/ros2Work/build/servicedemo
[3.087s] Level 1:colcon.colcon_core.environment:create_environment_scripts_only(servicedemo)
[3.087s] DEBUG:colcon.colcon_core.event_handler.log_command:Invoked command in '/home/dragon/Documents/ros2Work/build/servicedemo' returned '0': AMENT_PREFIX_PATH=/home/dragon/Documents/ros2Work/install/interfaces:${AMENT_PREFIX_PATH} CMAKE_PREFIX_PATH=/home/dragon/Documents/ros2Work/install/interfaces:/opt/ros/foxy LD_LIBRARY_PATH=/home/dragon/Documents/ros2Work/install/interfaces/lib:${LD_LIBRARY_PATH} PYTHONPATH=/home/dragon/Documents/ros2Work/install/interfaces/lib/python3.8/site-packages:${PYTHONPATH} /usr/bin/cmake --install /home/dragon/Documents/ros2Work/build/servicedemo
[3.106s] Level 1:colcon.colcon_core.environment:checking '/home/dragon/Documents/ros2Work/install/servicedemo' for CMake module files
[3.106s] Level 1:colcon.colcon_core.environment:checking '/home/dragon/Documents/ros2Work/install/servicedemo' for CMake config files
[3.107s] Level 1:colcon.colcon_core.shell:create_environment_hook('servicedemo', 'cmake_prefix_path')
[3.124s] INFO:colcon.colcon_core.shell:Creating environment descriptor '/home/dragon/Documents/ros2Work/install/servicedemo/share/servicedemo/hook/cmake_prefix_path.dsv'
[3.124s] INFO:colcon.colcon_core.shell:Creating environment hook '/home/dragon/Documents/ros2Work/install/servicedemo/share/servicedemo/hook/cmake_prefix_path.sh'
[3.124s] Level 1:colcon.colcon_core.environment:checking '/home/dragon/Documents/ros2Work/install/servicedemo/lib'
[3.124s] Level 1:colcon.colcon_core.environment:checking '/home/dragon/Documents/ros2Work/install/servicedemo/bin'
[3.124s] Level 1:colcon.colcon_core.environment:checking '/home/dragon/Documents/ros2Work/install/servicedemo/lib/pkgconfig/servicedemo.pc'
[3.125s] Level 1:colcon.colcon_core.environment:checking '/home/dragon/Documents/ros2Work/install/servicedemo/lib/python3.8/site-packages'
[3.125s] Level 1:colcon.colcon_core.environment:checking '/home/dragon/Documents/ros2Work/install/servicedemo/bin'
[3.141s] INFO:colcon.colcon_core.shell:Creating package descriptor '/home/dragon/Documents/ros2Work/install/servicedemo/share/servicedemo/package.dsv'
[3.141s] INFO:colcon.colcon_core.shell:Creating package script '/home/dragon/Documents/ros2Work/install/servicedemo/share/servicedemo/package.sh'
[3.141s] Level 1:colcon.colcon_core.environment:create_file_with_runtime_dependencies(/home/dragon/Documents/ros2Work/install/servicedemo/share/colcon-core/packages/servicedemo)
[3.172s] Level 1:colcon.colcon_core.environment:create_environment_scripts_only(servicedemo)
[3.188s] Level 1:colcon.colcon_core.environment:checking '/home/dragon/Documents/ros2Work/install/servicedemo' for CMake module files
[3.189s] Level 1:colcon.colcon_core.environment:checking '/home/dragon/Documents/ros2Work/install/servicedemo' for CMake config files
[3.189s] Level 1:colcon.colcon_core.shell:create_environment_hook('servicedemo', 'cmake_prefix_path')
[3.206s] INFO:colcon.colcon_core.shell:Creating environment descriptor '/home/dragon/Documents/ros2Work/install/servicedemo/share/servicedemo/hook/cmake_prefix_path.dsv'
[3.206s] INFO:colcon.colcon_core.shell:Creating environment hook '/home/dragon/Documents/ros2Work/install/servicedemo/share/servicedemo/hook/cmake_prefix_path.sh'
[3.206s] Level 1:colcon.colcon_core.environment:checking '/home/dragon/Documents/ros2Work/install/servicedemo/lib'
[3.206s] Level 1:colcon.colcon_core.environment:checking '/home/dragon/Documents/ros2Work/install/servicedemo/bin'
[3.206s] Level 1:colcon.colcon_core.environment:checking '/home/dragon/Documents/ros2Work/install/servicedemo/lib/pkgconfig/servicedemo.pc'
[3.207s] Level 1:colcon.colcon_core.environment:checking '/home/dragon/Documents/ros2Work/install/servicedemo/lib/python3.8/site-packages'
[3.207s] Level 1:colcon.colcon_core.environment:checking '/home/dragon/Documents/ros2Work/install/servicedemo/bin'
[3.223s] INFO:colcon.colcon_core.shell:Creating package descriptor '/home/dragon/Documents/ros2Work/install/servicedemo/share/servicedemo/package.dsv'
[3.223s] INFO:colcon.colcon_core.shell:Creating package script '/home/dragon/Documents/ros2Work/install/servicedemo/share/servicedemo/package.sh'
[3.223s] Level 1:colcon.colcon_core.environment:create_file_with_runtime_dependencies(/home/dragon/Documents/ros2Work/install/servicedemo/share/colcon-core/packages/servicedemo)
[3.223s] DEBUG:colcon.colcon_core.executor.sequential:run_until_complete 'servicedemo' finished with '0'
[3.223s] DEBUG:colcon.colcon_core.executor.sequential:closing loop
[3.223s] DEBUG:colcon.colcon_core.executor.sequential:loop closed
[3.224s] DEBUG:colcon.colcon_core.event_reactor:joining thread
[3.224s] DEBUG:colcon.colcon_core.event_reactor:joined thread
[3.241s] INFO:colcon.colcon_core.shell:Creating prefix script '/home/dragon/Documents/ros2Work/install/local_setup.sh'
[3.242s] INFO:colcon.colcon_core.shell:Creating prefix util module '/home/dragon/Documents/ros2Work/install/_local_setup_util_sh.py'
[3.243s] INFO:colcon.colcon_core.shell:Creating prefix chain script '/home/dragon/Documents/ros2Work/install/setup.sh'
