[0.151s] DEBUG:colcon:Command line arguments: ['/usr/bin/colcon', 'build']
[0.151s] DEBUG:colcon:Parsed command line arguments: Namespace(ament_cmake_args=None, base_paths=['.'], build_base='build', catkin_cmake_args=None, catkin_skip_building_tests=False, cmake_args=None, cmake_clean_cache=False, cmake_clean_first=False, cmake_force_configure=False, cmake_target=None, cmake_target_skip_unavailable=False, continue_on_error=False, event_handlers=None, executor='sequential', install_base='install', log_base=None, log_level=None, main=<bound method BuildVerb.main of <colcon_core.verb.build.BuildVerb object at 0x7f54897249d0>>, merge_install=False, paths=None, symlink_install=False, test_result_base=None, verb_extension=<colcon_core.verb.build.BuildVerb object at 0x7f54897249d0>, verb_name='build', verb_parser=CustomArgumentParser(prog='colcon build', usage=None, description='Build a set of packages.', formatter_class=<class 'colcon_core.command.CustomFormatter'>, conflict_handler='error', add_help=True))
[0.259s] Level 1:colcon.colcon_core.package_discovery:discover_packages(recursive) check parameters
[0.259s] Level 1:colcon.colcon_core.package_discovery:discover_packages(path) check parameters
[0.259s] Level 1:colcon.colcon_core.package_discovery:discover_packages(recursive) discover
[0.259s] INFO:colcon.colcon_core.package_discovery:Crawling recursively for packages in '/home/dragon/Documents/ros2Work'
[0.259s] Level 1:colcon.colcon_core.package_identification:_identify(.) by extensions ['ignore', 'ignore_ament_install']
[0.259s] Level 1:colcon.colcon_core.package_identification:_identify(.) by extension 'ignore'
[0.259s] Level 1:colcon.colcon_core.package_identification:_identify(.) by extension 'ignore_ament_install'
[0.259s] Level 1:colcon.colcon_core.package_identification:_identify(.) by extensions ['ros']
[0.259s] Level 1:colcon.colcon_core.package_identification:_identify(.) by extension 'ros'
[0.265s] Level 1:colcon.colcon_core.package_identification:_identify(.) by extensions ['cmake', 'python']
[0.265s] Level 1:colcon.colcon_core.package_identification:_identify(.) by extension 'cmake'
[0.265s] Level 1:colcon.colcon_core.package_identification:_identify(.) by extension 'python'
[0.265s] Level 1:colcon.colcon_core.package_identification:_identify(.) by extensions ['python_setup_py']
[0.266s] Level 1:colcon.colcon_core.package_identification:_identify(.) by extension 'python_setup_py'
[0.266s] Level 1:colcon.colcon_core.package_identification:_identify(build) by extensions ['ignore', 'ignore_ament_install']
[0.266s] Level 1:colcon.colcon_core.package_identification:_identify(build) by extension 'ignore'
[0.266s] Level 1:colcon.colcon_core.package_identification:_identify(build) ignored
[0.266s] Level 1:colcon.colcon_core.package_identification:_identify(install) by extensions ['ignore', 'ignore_ament_install']
[0.266s] Level 1:colcon.colcon_core.package_identification:_identify(install) by extension 'ignore'
[0.266s] Level 1:colcon.colcon_core.package_identification:_identify(install) ignored
[0.266s] Level 1:colcon.colcon_core.package_identification:_identify(log) by extensions ['ignore', 'ignore_ament_install']
[0.266s] Level 1:colcon.colcon_core.package_identification:_identify(log) by extension 'ignore'
[0.266s] Level 1:colcon.colcon_core.package_identification:_identify(log) ignored
[0.266s] Level 1:colcon.colcon_core.package_identification:_identify(src) by extensions ['ignore', 'ignore_ament_install']
[0.266s] Level 1:colcon.colcon_core.package_identification:_identify(src) by extension 'ignore'
[0.266s] Level 1:colcon.colcon_core.package_identification:_identify(src) by extension 'ignore_ament_install'
[0.266s] Level 1:colcon.colcon_core.package_identification:_identify(src) by extensions ['ros']
[0.266s] Level 1:colcon.colcon_core.package_identification:_identify(src) by extension 'ros'
[0.266s] Level 1:colcon.colcon_core.package_identification:_identify(src) by extensions ['cmake', 'python']
[0.266s] Level 1:colcon.colcon_core.package_identification:_identify(src) by extension 'cmake'
[0.266s] Level 1:colcon.colcon_core.package_identification:_identify(src) by extension 'python'
[0.266s] Level 1:colcon.colcon_core.package_identification:_identify(src) by extensions ['python_setup_py']
[0.266s] Level 1:colcon.colcon_core.package_identification:_identify(src) by extension 'python_setup_py'
[0.266s] Level 1:colcon.colcon_core.package_identification:_identify(src/actiondemo) by extensions ['ignore', 'ignore_ament_install']
[0.266s] Level 1:colcon.colcon_core.package_identification:_identify(src/actiondemo) by extension 'ignore'
[0.266s] Level 1:colcon.colcon_core.package_identification:_identify(src/actiondemo) by extension 'ignore_ament_install'
[0.266s] Level 1:colcon.colcon_core.package_identification:_identify(src/actiondemo) by extensions ['ros']
[0.266s] Level 1:colcon.colcon_core.package_identification:_identify(src/actiondemo) by extension 'ros'
[0.267s] DEBUG:colcon.colcon_core.package_identification:Package 'src/actiondemo' with type 'ros.ament_cmake' and name 'actiondemo'
[0.267s] Level 1:colcon.colcon_core.package_identification:_identify(src/interfaces) by extensions ['ignore', 'ignore_ament_install']
[0.268s] Level 1:colcon.colcon_core.package_identification:_identify(src/interfaces) by extension 'ignore'
[0.268s] Level 1:colcon.colcon_core.package_identification:_identify(src/interfaces) by extension 'ignore_ament_install'
[0.268s] Level 1:colcon.colcon_core.package_identification:_identify(src/interfaces) by extensions ['ros']
[0.268s] Level 1:colcon.colcon_core.package_identification:_identify(src/interfaces) by extension 'ros'
[0.268s] DEBUG:colcon.colcon_core.package_identification:Package 'src/interfaces' with type 'ros.ament_cmake' and name 'interfaces'
[0.268s] Level 1:colcon.colcon_core.package_identification:_identify(src/servicedemo) by extensions ['ignore', 'ignore_ament_install']
[0.268s] Level 1:colcon.colcon_core.package_identification:_identify(src/servicedemo) by extension 'ignore'
[0.268s] Level 1:colcon.colcon_core.package_identification:_identify(src/servicedemo) by extension 'ignore_ament_install'
[0.268s] Level 1:colcon.colcon_core.package_identification:_identify(src/servicedemo) by extensions ['ros']
[0.268s] Level 1:colcon.colcon_core.package_identification:_identify(src/servicedemo) by extension 'ros'
[0.268s] DEBUG:colcon.colcon_core.package_identification:Package 'src/servicedemo' with type 'ros.ament_cmake' and name 'servicedemo'
[0.269s] Level 1:colcon.colcon_core.package_identification:_identify(src/topicdemo) by extensions ['ignore', 'ignore_ament_install']
[0.269s] Level 1:colcon.colcon_core.package_identification:_identify(src/topicdemo) by extension 'ignore'
[0.269s] Level 1:colcon.colcon_core.package_identification:_identify(src/topicdemo) by extension 'ignore_ament_install'
[0.269s] Level 1:colcon.colcon_core.package_identification:_identify(src/topicdemo) by extensions ['ros']
[0.269s] Level 1:colcon.colcon_core.package_identification:_identify(src/topicdemo) by extension 'ros'
[0.269s] DEBUG:colcon.colcon_core.package_identification:Package 'src/topicdemo' with type 'ros.ament_cmake' and name 'topicdemo'
[0.269s] Level 1:colcon.colcon_core.package_discovery:discover_packages(recursive) using defaults
[0.269s] Level 1:colcon.colcon_core.package_discovery:discover_packages(path) discover
[0.269s] Level 1:colcon.colcon_core.package_discovery:discover_packages(path) using defaults
[0.343s] Level 5:colcon.colcon_core.verb:set package 'actiondemo' build argument 'cmake_args' from command line to 'None'
[0.343s] Level 5:colcon.colcon_core.verb:set package 'actiondemo' build argument 'cmake_target' from command line to 'None'
[0.343s] Level 5:colcon.colcon_core.verb:set package 'actiondemo' build argument 'cmake_target_skip_unavailable' from command line to 'False'
[0.343s] Level 5:colcon.colcon_core.verb:set package 'actiondemo' build argument 'cmake_clean_cache' from command line to 'False'
[0.343s] Level 5:colcon.colcon_core.verb:set package 'actiondemo' build argument 'cmake_clean_first' from command line to 'False'
[0.343s] Level 5:colcon.colcon_core.verb:set package 'actiondemo' build argument 'cmake_force_configure' from command line to 'False'
[0.343s] Level 5:colcon.colcon_core.verb:set package 'actiondemo' build argument 'ament_cmake_args' from command line to 'None'
[0.343s] Level 5:colcon.colcon_core.verb:set package 'actiondemo' build argument 'catkin_cmake_args' from command line to 'None'
[0.343s] Level 5:colcon.colcon_core.verb:set package 'actiondemo' build argument 'catkin_skip_building_tests' from command line to 'False'
[0.343s] DEBUG:colcon.colcon_core.verb:Building package 'actiondemo' with the following arguments: {'ament_cmake_args': None, 'build_base': '/home/dragon/Documents/ros2Work/build/actiondemo', 'catkin_cmake_args': None, 'catkin_skip_building_tests': False, 'cmake_args': None, 'cmake_clean_cache': False, 'cmake_clean_first': False, 'cmake_force_configure': False, 'cmake_target': None, 'cmake_target_skip_unavailable': False, 'install_base': '/home/dragon/Documents/ros2Work/install/actiondemo', 'merge_install': False, 'path': '/home/dragon/Documents/ros2Work/src/actiondemo', 'symlink_install': False, 'test_result_base': None}
[0.358s] Level 5:colcon.colcon_core.verb:set package 'interfaces' build argument 'cmake_args' from command line to 'None'
[0.358s] Level 5:colcon.colcon_core.verb:set package 'interfaces' build argument 'cmake_target' from command line to 'None'
[0.359s] Level 5:colcon.colcon_core.verb:set package 'interfaces' build argument 'cmake_target_skip_unavailable' from command line to 'False'
[0.359s] Level 5:colcon.colcon_core.verb:set package 'interfaces' build argument 'cmake_clean_cache' from command line to 'False'
[0.359s] Level 5:colcon.colcon_core.verb:set package 'interfaces' build argument 'cmake_clean_first' from command line to 'False'
[0.359s] Level 5:colcon.colcon_core.verb:set package 'interfaces' build argument 'cmake_force_configure' from command line to 'False'
[0.359s] Level 5:colcon.colcon_core.verb:set package 'interfaces' build argument 'ament_cmake_args' from command line to 'None'
[0.359s] Level 5:colcon.colcon_core.verb:set package 'interfaces' build argument 'catkin_cmake_args' from command line to 'None'
[0.359s] Level 5:colcon.colcon_core.verb:set package 'interfaces' build argument 'catkin_skip_building_tests' from command line to 'False'
[0.359s] DEBUG:colcon.colcon_core.verb:Building package 'interfaces' with the following arguments: {'ament_cmake_args': None, 'build_base': '/home/dragon/Documents/ros2Work/build/interfaces', 'catkin_cmake_args': None, 'catkin_skip_building_tests': False, 'cmake_args': None, 'cmake_clean_cache': False, 'cmake_clean_first': False, 'cmake_force_configure': False, 'cmake_target': None, 'cmake_target_skip_unavailable': False, 'install_base': '/home/dragon/Documents/ros2Work/install/interfaces', 'merge_install': False, 'path': '/home/dragon/Documents/ros2Work/src/interfaces', 'symlink_install': False, 'test_result_base': None}
[0.374s] Level 5:colcon.colcon_core.verb:set package 'servicedemo' build argument 'cmake_args' from command line to 'None'
[0.374s] Level 5:colcon.colcon_core.verb:set package 'servicedemo' build argument 'cmake_target' from command line to 'None'
[0.374s] Level 5:colcon.colcon_core.verb:set package 'servicedemo' build argument 'cmake_target_skip_unavailable' from command line to 'False'
[0.374s] Level 5:colcon.colcon_core.verb:set package 'servicedemo' build argument 'cmake_clean_cache' from command line to 'False'
[0.374s] Level 5:colcon.colcon_core.verb:set package 'servicedemo' build argument 'cmake_clean_first' from command line to 'False'
[0.374s] Level 5:colcon.colcon_core.verb:set package 'servicedemo' build argument 'cmake_force_configure' from command line to 'False'
[0.374s] Level 5:colcon.colcon_core.verb:set package 'servicedemo' build argument 'ament_cmake_args' from command line to 'None'
[0.374s] Level 5:colcon.colcon_core.verb:set package 'servicedemo' build argument 'catkin_cmake_args' from command line to 'None'
[0.374s] Level 5:colcon.colcon_core.verb:set package 'servicedemo' build argument 'catkin_skip_building_tests' from command line to 'False'
[0.374s] DEBUG:colcon.colcon_core.verb:Building package 'servicedemo' with the following arguments: {'ament_cmake_args': None, 'build_base': '/home/dragon/Documents/ros2Work/build/servicedemo', 'catkin_cmake_args': None, 'catkin_skip_building_tests': False, 'cmake_args': None, 'cmake_clean_cache': False, 'cmake_clean_first': False, 'cmake_force_configure': False, 'cmake_target': None, 'cmake_target_skip_unavailable': False, 'install_base': '/home/dragon/Documents/ros2Work/install/servicedemo', 'merge_install': False, 'path': '/home/dragon/Documents/ros2Work/src/servicedemo', 'symlink_install': False, 'test_result_base': None}
[0.390s] Level 5:colcon.colcon_core.verb:set package 'topicdemo' build argument 'cmake_args' from command line to 'None'
[0.390s] Level 5:colcon.colcon_core.verb:set package 'topicdemo' build argument 'cmake_target' from command line to 'None'
[0.390s] Level 5:colcon.colcon_core.verb:set package 'topicdemo' build argument 'cmake_target_skip_unavailable' from command line to 'False'
[0.390s] Level 5:colcon.colcon_core.verb:set package 'topicdemo' build argument 'cmake_clean_cache' from command line to 'False'
[0.390s] Level 5:colcon.colcon_core.verb:set package 'topicdemo' build argument 'cmake_clean_first' from command line to 'False'
[0.390s] Level 5:colcon.colcon_core.verb:set package 'topicdemo' build argument 'cmake_force_configure' from command line to 'False'
[0.390s] Level 5:colcon.colcon_core.verb:set package 'topicdemo' build argument 'ament_cmake_args' from command line to 'None'
[0.390s] Level 5:colcon.colcon_core.verb:set package 'topicdemo' build argument 'catkin_cmake_args' from command line to 'None'
[0.390s] Level 5:colcon.colcon_core.verb:set package 'topicdemo' build argument 'catkin_skip_building_tests' from command line to 'False'
[0.390s] DEBUG:colcon.colcon_core.verb:Building package 'topicdemo' with the following arguments: {'ament_cmake_args': None, 'build_base': '/home/dragon/Documents/ros2Work/build/topicdemo', 'catkin_cmake_args': None, 'catkin_skip_building_tests': False, 'cmake_args': None, 'cmake_clean_cache': False, 'cmake_clean_first': False, 'cmake_force_configure': False, 'cmake_target': None, 'cmake_target_skip_unavailable': False, 'install_base': '/home/dragon/Documents/ros2Work/install/topicdemo', 'merge_install': False, 'path': '/home/dragon/Documents/ros2Work/src/topicdemo', 'symlink_install': False, 'test_result_base': None}
[0.406s] INFO:colcon.colcon_core.executor:Executing jobs using 'sequential' executor
[0.427s] DEBUG:colcon.colcon_core.executor.sequential:run_until_complete 'actiondemo'
[0.427s] INFO:colcon.colcon_ros.task.ament_cmake.build:Building ROS package in '/home/dragon/Documents/ros2Work/src/actiondemo' with build type 'ament_cmake'
[0.427s] INFO:colcon.colcon_cmake.task.cmake.build:Building CMake package in '/home/dragon/Documents/ros2Work/src/actiondemo'
[0.444s] INFO:colcon.colcon_core.plugin_system:Skipping extension 'colcon_core.shell.bat': Not used on non-Windows systems
[0.444s] DEBUG:colcon.colcon_core.shell:Skip shell extension 'dsv' for command environment
[0.482s] DEBUG:colcon.colcon_core.event_handler.log_command:Invoking command in '/home/dragon/Documents/ros2Work/build/actiondemo': CMAKE_PREFIX_PATH=/opt/ros/foxy /usr/bin/cmake --build /home/dragon/Documents/ros2Work/build/actiondemo -- -j20 -l20
[0.504s] DEBUG:colcon.colcon_core.event_handler.log_command:Invoked command in '/home/dragon/Documents/ros2Work/build/actiondemo' returned '0': CMAKE_PREFIX_PATH=/opt/ros/foxy /usr/bin/cmake --build /home/dragon/Documents/ros2Work/build/actiondemo -- -j20 -l20
[0.520s] DEBUG:colcon.colcon_core.event_handler.log_command:Invoking command in '/home/dragon/Documents/ros2Work/build/actiondemo': CMAKE_PREFIX_PATH=/opt/ros/foxy /usr/bin/cmake --install /home/dragon/Documents/ros2Work/build/actiondemo
[0.527s] Level 1:colcon.colcon_core.environment:create_environment_scripts_only(actiondemo)
[0.527s] DEBUG:colcon.colcon_core.event_handler.log_command:Invoked command in '/home/dragon/Documents/ros2Work/build/actiondemo' returned '0': CMAKE_PREFIX_PATH=/opt/ros/foxy /usr/bin/cmake --install /home/dragon/Documents/ros2Work/build/actiondemo
[0.546s] Level 1:colcon.colcon_core.environment:checking '/home/dragon/Documents/ros2Work/install/actiondemo' for CMake module files
[0.546s] Level 1:colcon.colcon_core.environment:checking '/home/dragon/Documents/ros2Work/install/actiondemo' for CMake config files
[0.546s] Level 1:colcon.colcon_core.shell:create_environment_hook('actiondemo', 'cmake_prefix_path')
[0.563s] INFO:colcon.colcon_core.shell:Creating environment descriptor '/home/dragon/Documents/ros2Work/install/actiondemo/share/actiondemo/hook/cmake_prefix_path.dsv'
[0.563s] INFO:colcon.colcon_core.shell:Creating environment hook '/home/dragon/Documents/ros2Work/install/actiondemo/share/actiondemo/hook/cmake_prefix_path.sh'
[0.564s] Level 1:colcon.colcon_core.environment:checking '/home/dragon/Documents/ros2Work/install/actiondemo/bin'
[0.564s] Level 1:colcon.colcon_core.environment:checking '/home/dragon/Documents/ros2Work/install/actiondemo/lib/pkgconfig/actiondemo.pc'
[0.564s] Level 1:colcon.colcon_core.environment:checking '/home/dragon/Documents/ros2Work/install/actiondemo/lib/python3.8/site-packages'
[0.564s] Level 1:colcon.colcon_core.environment:checking '/home/dragon/Documents/ros2Work/install/actiondemo/bin'
[0.580s] INFO:colcon.colcon_core.shell:Creating package descriptor '/home/dragon/Documents/ros2Work/install/actiondemo/share/actiondemo/package.dsv'
[0.581s] INFO:colcon.colcon_core.shell:Creating package script '/home/dragon/Documents/ros2Work/install/actiondemo/share/actiondemo/package.sh'
[0.581s] Level 1:colcon.colcon_core.environment:create_file_with_runtime_dependencies(/home/dragon/Documents/ros2Work/install/actiondemo/share/colcon-core/packages/actiondemo)
[0.610s] Level 1:colcon.colcon_core.environment:create_environment_scripts_only(actiondemo)
[0.628s] Level 1:colcon.colcon_core.environment:checking '/home/dragon/Documents/ros2Work/install/actiondemo' for CMake module files
[0.628s] Level 1:colcon.colcon_core.environment:checking '/home/dragon/Documents/ros2Work/install/actiondemo' for CMake config files
[0.628s] Level 1:colcon.colcon_core.shell:create_environment_hook('actiondemo', 'cmake_prefix_path')
[0.646s] INFO:colcon.colcon_core.shell:Creating environment descriptor '/home/dragon/Documents/ros2Work/install/actiondemo/share/actiondemo/hook/cmake_prefix_path.dsv'
[0.646s] INFO:colcon.colcon_core.shell:Creating environment hook '/home/dragon/Documents/ros2Work/install/actiondemo/share/actiondemo/hook/cmake_prefix_path.sh'
[0.647s] Level 1:colcon.colcon_core.environment:checking '/home/dragon/Documents/ros2Work/install/actiondemo/bin'
[0.647s] Level 1:colcon.colcon_core.environment:checking '/home/dragon/Documents/ros2Work/install/actiondemo/lib/pkgconfig/actiondemo.pc'
[0.647s] Level 1:colcon.colcon_core.environment:checking '/home/dragon/Documents/ros2Work/install/actiondemo/lib/python3.8/site-packages'
[0.647s] Level 1:colcon.colcon_core.environment:checking '/home/dragon/Documents/ros2Work/install/actiondemo/bin'
[0.665s] INFO:colcon.colcon_core.shell:Creating package descriptor '/home/dragon/Documents/ros2Work/install/actiondemo/share/actiondemo/package.dsv'
[0.665s] INFO:colcon.colcon_core.shell:Creating package script '/home/dragon/Documents/ros2Work/install/actiondemo/share/actiondemo/package.sh'
[0.665s] Level 1:colcon.colcon_core.environment:create_file_with_runtime_dependencies(/home/dragon/Documents/ros2Work/install/actiondemo/share/colcon-core/packages/actiondemo)
[0.665s] DEBUG:colcon.colcon_core.executor.sequential:run_until_complete 'actiondemo' finished with '0'
[0.665s] DEBUG:colcon.colcon_core.executor.sequential:run_until_complete 'interfaces'
[0.665s] INFO:colcon.colcon_ros.task.ament_cmake.build:Building ROS package in '/home/dragon/Documents/ros2Work/src/interfaces' with build type 'ament_cmake'
[0.665s] INFO:colcon.colcon_cmake.task.cmake.build:Building CMake package in '/home/dragon/Documents/ros2Work/src/interfaces'
[0.682s] DEBUG:colcon.colcon_core.shell:Skip shell extension 'dsv' for command environment
[0.721s] DEBUG:colcon.colcon_core.event_handler.log_command:Invoking command in '/home/dragon/Documents/ros2Work/build/interfaces': CMAKE_PREFIX_PATH=/opt/ros/foxy /usr/bin/cmake --build /home/dragon/Documents/ros2Work/build/interfaces -- -j20 -l20
[3.635s] DEBUG:colcon.colcon_core.event_handler.log_command:Invoked command in '/home/dragon/Documents/ros2Work/build/interfaces' returned '0': CMAKE_PREFIX_PATH=/opt/ros/foxy /usr/bin/cmake --build /home/dragon/Documents/ros2Work/build/interfaces -- -j20 -l20
[3.684s] DEBUG:colcon.colcon_core.event_handler.log_command:Invoking command in '/home/dragon/Documents/ros2Work/build/interfaces': CMAKE_PREFIX_PATH=/opt/ros/foxy /usr/bin/cmake --install /home/dragon/Documents/ros2Work/build/interfaces
[3.733s] Level 1:colcon.colcon_core.environment:create_environment_scripts_only(interfaces)
[3.734s] DEBUG:colcon.colcon_core.event_handler.log_command:Invoked command in '/home/dragon/Documents/ros2Work/build/interfaces' returned '0': CMAKE_PREFIX_PATH=/opt/ros/foxy /usr/bin/cmake --install /home/dragon/Documents/ros2Work/build/interfaces
[3.755s] Level 1:colcon.colcon_core.environment:checking '/home/dragon/Documents/ros2Work/install/interfaces' for CMake module files
[3.755s] Level 1:colcon.colcon_core.environment:checking '/home/dragon/Documents/ros2Work/install/interfaces' for CMake config files
[3.755s] Level 1:colcon.colcon_core.shell:create_environment_hook('interfaces', 'cmake_prefix_path')
[3.773s] INFO:colcon.colcon_core.shell:Creating environment descriptor '/home/dragon/Documents/ros2Work/install/interfaces/share/interfaces/hook/cmake_prefix_path.dsv'
[3.773s] INFO:colcon.colcon_core.shell:Creating environment hook '/home/dragon/Documents/ros2Work/install/interfaces/share/interfaces/hook/cmake_prefix_path.sh'
[3.773s] Level 1:colcon.colcon_core.environment:checking '/home/dragon/Documents/ros2Work/install/interfaces/lib'
[3.773s] Level 1:colcon.colcon_core.shell:create_environment_hook('interfaces', 'ld_library_path_lib')
[3.790s] INFO:colcon.colcon_core.shell:Creating environment descriptor '/home/dragon/Documents/ros2Work/install/interfaces/share/interfaces/hook/ld_library_path_lib.dsv'
[3.790s] INFO:colcon.colcon_core.shell:Creating environment hook '/home/dragon/Documents/ros2Work/install/interfaces/share/interfaces/hook/ld_library_path_lib.sh'
[3.791s] Level 1:colcon.colcon_core.environment:checking '/home/dragon/Documents/ros2Work/install/interfaces/bin'
[3.791s] Level 1:colcon.colcon_core.environment:checking '/home/dragon/Documents/ros2Work/install/interfaces/lib/pkgconfig/interfaces.pc'
[3.791s] Level 1:colcon.colcon_core.environment:checking '/home/dragon/Documents/ros2Work/install/interfaces/lib/python3.8/site-packages'
[3.791s] Level 1:colcon.colcon_core.shell:create_environment_hook('interfaces', 'pythonpath')
[3.808s] INFO:colcon.colcon_core.shell:Creating environment descriptor '/home/dragon/Documents/ros2Work/install/interfaces/share/interfaces/hook/pythonpath.dsv'
[3.808s] INFO:colcon.colcon_core.shell:Creating environment hook '/home/dragon/Documents/ros2Work/install/interfaces/share/interfaces/hook/pythonpath.sh'
[3.809s] Level 1:colcon.colcon_core.environment:checking '/home/dragon/Documents/ros2Work/install/interfaces/bin'
[3.825s] INFO:colcon.colcon_core.shell:Creating package descriptor '/home/dragon/Documents/ros2Work/install/interfaces/share/interfaces/package.dsv'
[3.826s] INFO:colcon.colcon_core.shell:Creating package script '/home/dragon/Documents/ros2Work/install/interfaces/share/interfaces/package.sh'
[3.826s] Level 1:colcon.colcon_core.environment:create_file_with_runtime_dependencies(/home/dragon/Documents/ros2Work/install/interfaces/share/colcon-core/packages/interfaces)
[3.882s] Level 1:colcon.colcon_core.environment:create_environment_scripts_only(interfaces)
[3.902s] Level 1:colcon.colcon_core.environment:checking '/home/dragon/Documents/ros2Work/install/interfaces' for CMake module files
[3.902s] Level 1:colcon.colcon_core.environment:checking '/home/dragon/Documents/ros2Work/install/interfaces' for CMake config files
[3.902s] Level 1:colcon.colcon_core.shell:create_environment_hook('interfaces', 'cmake_prefix_path')
[3.922s] INFO:colcon.colcon_core.shell:Creating environment descriptor '/home/dragon/Documents/ros2Work/install/interfaces/share/interfaces/hook/cmake_prefix_path.dsv'
[3.922s] INFO:colcon.colcon_core.shell:Creating environment hook '/home/dragon/Documents/ros2Work/install/interfaces/share/interfaces/hook/cmake_prefix_path.sh'
[3.922s] Level 1:colcon.colcon_core.environment:checking '/home/dragon/Documents/ros2Work/install/interfaces/lib'
[3.922s] Level 1:colcon.colcon_core.shell:create_environment_hook('interfaces', 'ld_library_path_lib')
[3.942s] INFO:colcon.colcon_core.shell:Creating environment descriptor '/home/dragon/Documents/ros2Work/install/interfaces/share/interfaces/hook/ld_library_path_lib.dsv'
[3.942s] INFO:colcon.colcon_core.shell:Creating environment hook '/home/dragon/Documents/ros2Work/install/interfaces/share/interfaces/hook/ld_library_path_lib.sh'
[3.943s] Level 1:colcon.colcon_core.environment:checking '/home/dragon/Documents/ros2Work/install/interfaces/bin'
[3.943s] Level 1:colcon.colcon_core.environment:checking '/home/dragon/Documents/ros2Work/install/interfaces/lib/pkgconfig/interfaces.pc'
[3.943s] Level 1:colcon.colcon_core.environment:checking '/home/dragon/Documents/ros2Work/install/interfaces/lib/python3.8/site-packages'
[3.943s] Level 1:colcon.colcon_core.shell:create_environment_hook('interfaces', 'pythonpath')
[3.962s] INFO:colcon.colcon_core.shell:Creating environment descriptor '/home/dragon/Documents/ros2Work/install/interfaces/share/interfaces/hook/pythonpath.dsv'
[3.963s] INFO:colcon.colcon_core.shell:Creating environment hook '/home/dragon/Documents/ros2Work/install/interfaces/share/interfaces/hook/pythonpath.sh'
[3.963s] Level 1:colcon.colcon_core.environment:checking '/home/dragon/Documents/ros2Work/install/interfaces/bin'
[3.984s] INFO:colcon.colcon_core.shell:Creating package descriptor '/home/dragon/Documents/ros2Work/install/interfaces/share/interfaces/package.dsv'
[3.984s] INFO:colcon.colcon_core.shell:Creating package script '/home/dragon/Documents/ros2Work/install/interfaces/share/interfaces/package.sh'
[3.984s] Level 1:colcon.colcon_core.environment:create_file_with_runtime_dependencies(/home/dragon/Documents/ros2Work/install/interfaces/share/colcon-core/packages/interfaces)
[3.985s] DEBUG:colcon.colcon_core.executor.sequential:run_until_complete 'interfaces' finished with '0'
[3.985s] DEBUG:colcon.colcon_core.executor.sequential:run_until_complete 'servicedemo'
[3.985s] INFO:colcon.colcon_ros.task.ament_cmake.build:Building ROS package in '/home/dragon/Documents/ros2Work/src/servicedemo' with build type 'ament_cmake'
[3.985s] INFO:colcon.colcon_cmake.task.cmake.build:Building CMake package in '/home/dragon/Documents/ros2Work/src/servicedemo'
[4.003s] DEBUG:colcon.colcon_core.shell:Skip shell extension 'dsv' for command environment
[4.044s] DEBUG:colcon.colcon_core.event_handler.log_command:Invoking command in '/home/dragon/Documents/ros2Work/build/servicedemo': AMENT_PREFIX_PATH=/home/dragon/Documents/ros2Work/install/interfaces:${AMENT_PREFIX_PATH} CMAKE_PREFIX_PATH=/home/dragon/Documents/ros2Work/install/interfaces:/opt/ros/foxy LD_LIBRARY_PATH=/home/dragon/Documents/ros2Work/install/interfaces/lib:${LD_LIBRARY_PATH} PYTHONPATH=/home/dragon/Documents/ros2Work/install/interfaces/lib/python3.8/site-packages:${PYTHONPATH} /usr/bin/cmake --build /home/dragon/Documents/ros2Work/build/servicedemo -- -j20 -l20
[6.110s] DEBUG:colcon.colcon_core.event_handler.log_command:Invoked command in '/home/dragon/Documents/ros2Work/build/servicedemo' returned '0': AMENT_PREFIX_PATH=/home/dragon/Documents/ros2Work/install/interfaces:${AMENT_PREFIX_PATH} CMAKE_PREFIX_PATH=/home/dragon/Documents/ros2Work/install/interfaces:/opt/ros/foxy LD_LIBRARY_PATH=/home/dragon/Documents/ros2Work/install/interfaces/lib:${LD_LIBRARY_PATH} PYTHONPATH=/home/dragon/Documents/ros2Work/install/interfaces/lib/python3.8/site-packages:${PYTHONPATH} /usr/bin/cmake --build /home/dragon/Documents/ros2Work/build/servicedemo -- -j20 -l20
[6.127s] DEBUG:colcon.colcon_core.event_handler.log_command:Invoking command in '/home/dragon/Documents/ros2Work/build/servicedemo': AMENT_PREFIX_PATH=/home/dragon/Documents/ros2Work/install/interfaces:${AMENT_PREFIX_PATH} CMAKE_PREFIX_PATH=/home/dragon/Documents/ros2Work/install/interfaces:/opt/ros/foxy LD_LIBRARY_PATH=/home/dragon/Documents/ros2Work/install/interfaces/lib:${LD_LIBRARY_PATH} PYTHONPATH=/home/dragon/Documents/ros2Work/install/interfaces/lib/python3.8/site-packages:${PYTHONPATH} /usr/bin/cmake --install /home/dragon/Documents/ros2Work/build/servicedemo
[6.136s] Level 1:colcon.colcon_core.environment:create_environment_scripts_only(servicedemo)
[6.136s] DEBUG:colcon.colcon_core.event_handler.log_command:Invoked command in '/home/dragon/Documents/ros2Work/build/servicedemo' returned '0': AMENT_PREFIX_PATH=/home/dragon/Documents/ros2Work/install/interfaces:${AMENT_PREFIX_PATH} CMAKE_PREFIX_PATH=/home/dragon/Documents/ros2Work/install/interfaces:/opt/ros/foxy LD_LIBRARY_PATH=/home/dragon/Documents/ros2Work/install/interfaces/lib:${LD_LIBRARY_PATH} PYTHONPATH=/home/dragon/Documents/ros2Work/install/interfaces/lib/python3.8/site-packages:${PYTHONPATH} /usr/bin/cmake --install /home/dragon/Documents/ros2Work/build/servicedemo
[6.155s] Level 1:colcon.colcon_core.environment:checking '/home/dragon/Documents/ros2Work/install/servicedemo' for CMake module files
[6.156s] Level 1:colcon.colcon_core.environment:checking '/home/dragon/Documents/ros2Work/install/servicedemo' for CMake config files
[6.156s] Level 1:colcon.colcon_core.shell:create_environment_hook('servicedemo', 'cmake_prefix_path')
[6.173s] INFO:colcon.colcon_core.shell:Creating environment descriptor '/home/dragon/Documents/ros2Work/install/servicedemo/share/servicedemo/hook/cmake_prefix_path.dsv'
[6.173s] INFO:colcon.colcon_core.shell:Creating environment hook '/home/dragon/Documents/ros2Work/install/servicedemo/share/servicedemo/hook/cmake_prefix_path.sh'
[6.174s] Level 1:colcon.colcon_core.environment:checking '/home/dragon/Documents/ros2Work/install/servicedemo/lib'
[6.174s] Level 1:colcon.colcon_core.environment:checking '/home/dragon/Documents/ros2Work/install/servicedemo/bin'
[6.174s] Level 1:colcon.colcon_core.environment:checking '/home/dragon/Documents/ros2Work/install/servicedemo/lib/pkgconfig/servicedemo.pc'
[6.174s] Level 1:colcon.colcon_core.environment:checking '/home/dragon/Documents/ros2Work/install/servicedemo/lib/python3.8/site-packages'
[6.174s] Level 1:colcon.colcon_core.environment:checking '/home/dragon/Documents/ros2Work/install/servicedemo/bin'
[6.191s] INFO:colcon.colcon_core.shell:Creating package descriptor '/home/dragon/Documents/ros2Work/install/servicedemo/share/servicedemo/package.dsv'
[6.191s] INFO:colcon.colcon_core.shell:Creating package script '/home/dragon/Documents/ros2Work/install/servicedemo/share/servicedemo/package.sh'
[6.191s] Level 1:colcon.colcon_core.environment:create_file_with_runtime_dependencies(/home/dragon/Documents/ros2Work/install/servicedemo/share/colcon-core/packages/servicedemo)
[6.229s] Level 1:colcon.colcon_core.environment:create_environment_scripts_only(servicedemo)
[6.246s] Level 1:colcon.colcon_core.environment:checking '/home/dragon/Documents/ros2Work/install/servicedemo' for CMake module files
[6.246s] Level 1:colcon.colcon_core.environment:checking '/home/dragon/Documents/ros2Work/install/servicedemo' for CMake config files
[6.246s] Level 1:colcon.colcon_core.shell:create_environment_hook('servicedemo', 'cmake_prefix_path')
[6.263s] INFO:colcon.colcon_core.shell:Creating environment descriptor '/home/dragon/Documents/ros2Work/install/servicedemo/share/servicedemo/hook/cmake_prefix_path.dsv'
[6.263s] INFO:colcon.colcon_core.shell:Creating environment hook '/home/dragon/Documents/ros2Work/install/servicedemo/share/servicedemo/hook/cmake_prefix_path.sh'
[6.264s] Level 1:colcon.colcon_core.environment:checking '/home/dragon/Documents/ros2Work/install/servicedemo/lib'
[6.264s] Level 1:colcon.colcon_core.environment:checking '/home/dragon/Documents/ros2Work/install/servicedemo/bin'
[6.264s] Level 1:colcon.colcon_core.environment:checking '/home/dragon/Documents/ros2Work/install/servicedemo/lib/pkgconfig/servicedemo.pc'
[6.264s] Level 1:colcon.colcon_core.environment:checking '/home/dragon/Documents/ros2Work/install/servicedemo/lib/python3.8/site-packages'
[6.264s] Level 1:colcon.colcon_core.environment:checking '/home/dragon/Documents/ros2Work/install/servicedemo/bin'
[6.281s] INFO:colcon.colcon_core.shell:Creating package descriptor '/home/dragon/Documents/ros2Work/install/servicedemo/share/servicedemo/package.dsv'
[6.281s] INFO:colcon.colcon_core.shell:Creating package script '/home/dragon/Documents/ros2Work/install/servicedemo/share/servicedemo/package.sh'
[6.282s] Level 1:colcon.colcon_core.environment:create_file_with_runtime_dependencies(/home/dragon/Documents/ros2Work/install/servicedemo/share/colcon-core/packages/servicedemo)
[6.282s] DEBUG:colcon.colcon_core.executor.sequential:run_until_complete 'servicedemo' finished with '0'
[6.282s] DEBUG:colcon.colcon_core.executor.sequential:run_until_complete 'topicdemo'
[6.282s] INFO:colcon.colcon_ros.task.ament_cmake.build:Building ROS package in '/home/dragon/Documents/ros2Work/src/topicdemo' with build type 'ament_cmake'
[6.282s] INFO:colcon.colcon_cmake.task.cmake.build:Building CMake package in '/home/dragon/Documents/ros2Work/src/topicdemo'
[6.299s] DEBUG:colcon.colcon_core.shell:Skip shell extension 'dsv' for command environment
[6.341s] DEBUG:colcon.colcon_core.event_handler.log_command:Invoking command in '/home/dragon/Documents/ros2Work/build/topicdemo': AMENT_PREFIX_PATH=/home/dragon/Documents/ros2Work/install/interfaces:${AMENT_PREFIX_PATH} CMAKE_PREFIX_PATH=/home/dragon/Documents/ros2Work/install/interfaces:/opt/ros/foxy LD_LIBRARY_PATH=/home/dragon/Documents/ros2Work/install/interfaces/lib:${LD_LIBRARY_PATH} PYTHONPATH=/home/dragon/Documents/ros2Work/install/interfaces/lib/python3.8/site-packages:${PYTHONPATH} /usr/bin/cmake --build /home/dragon/Documents/ros2Work/build/topicdemo -- -j20 -l20
[6.955s] DEBUG:colcon.colcon_core.event_handler.log_command:Invoked command in '/home/dragon/Documents/ros2Work/build/topicdemo' returned '0': AMENT_PREFIX_PATH=/home/dragon/Documents/ros2Work/install/interfaces:${AMENT_PREFIX_PATH} CMAKE_PREFIX_PATH=/home/dragon/Documents/ros2Work/install/interfaces:/opt/ros/foxy LD_LIBRARY_PATH=/home/dragon/Documents/ros2Work/install/interfaces/lib:${LD_LIBRARY_PATH} PYTHONPATH=/home/dragon/Documents/ros2Work/install/interfaces/lib/python3.8/site-packages:${PYTHONPATH} /usr/bin/cmake --build /home/dragon/Documents/ros2Work/build/topicdemo -- -j20 -l20
[6.969s] DEBUG:colcon.colcon_core.event_handler.log_command:Invoking command in '/home/dragon/Documents/ros2Work/build/topicdemo': AMENT_PREFIX_PATH=/home/dragon/Documents/ros2Work/install/interfaces:${AMENT_PREFIX_PATH} CMAKE_PREFIX_PATH=/home/dragon/Documents/ros2Work/install/interfaces:/opt/ros/foxy LD_LIBRARY_PATH=/home/dragon/Documents/ros2Work/install/interfaces/lib:${LD_LIBRARY_PATH} PYTHONPATH=/home/dragon/Documents/ros2Work/install/interfaces/lib/python3.8/site-packages:${PYTHONPATH} /usr/bin/cmake --install /home/dragon/Documents/ros2Work/build/topicdemo
[6.979s] Level 1:colcon.colcon_core.environment:create_environment_scripts_only(topicdemo)
[6.979s] DEBUG:colcon.colcon_core.event_handler.log_command:Invoked command in '/home/dragon/Documents/ros2Work/build/topicdemo' returned '0': AMENT_PREFIX_PATH=/home/dragon/Documents/ros2Work/install/interfaces:${AMENT_PREFIX_PATH} CMAKE_PREFIX_PATH=/home/dragon/Documents/ros2Work/install/interfaces:/opt/ros/foxy LD_LIBRARY_PATH=/home/dragon/Documents/ros2Work/install/interfaces/lib:${LD_LIBRARY_PATH} PYTHONPATH=/home/dragon/Documents/ros2Work/install/interfaces/lib/python3.8/site-packages:${PYTHONPATH} /usr/bin/cmake --install /home/dragon/Documents/ros2Work/build/topicdemo
[7.000s] Level 1:colcon.colcon_core.environment:checking '/home/dragon/Documents/ros2Work/install/topicdemo' for CMake module files
[7.000s] Level 1:colcon.colcon_core.environment:checking '/home/dragon/Documents/ros2Work/install/topicdemo' for CMake config files
[7.001s] Level 1:colcon.colcon_core.shell:create_environment_hook('topicdemo', 'cmake_prefix_path')
[7.019s] INFO:colcon.colcon_core.shell:Creating environment descriptor '/home/dragon/Documents/ros2Work/install/topicdemo/share/topicdemo/hook/cmake_prefix_path.dsv'
[7.019s] INFO:colcon.colcon_core.shell:Creating environment hook '/home/dragon/Documents/ros2Work/install/topicdemo/share/topicdemo/hook/cmake_prefix_path.sh'
[7.020s] Level 1:colcon.colcon_core.environment:checking '/home/dragon/Documents/ros2Work/install/topicdemo/lib'
[7.020s] Level 1:colcon.colcon_core.environment:checking '/home/dragon/Documents/ros2Work/install/topicdemo/bin'
[7.020s] Level 1:colcon.colcon_core.environment:checking '/home/dragon/Documents/ros2Work/install/topicdemo/lib/pkgconfig/topicdemo.pc'
[7.020s] Level 1:colcon.colcon_core.environment:checking '/home/dragon/Documents/ros2Work/install/topicdemo/lib/python3.8/site-packages'
[7.020s] Level 1:colcon.colcon_core.environment:checking '/home/dragon/Documents/ros2Work/install/topicdemo/bin'
[7.039s] INFO:colcon.colcon_core.shell:Creating package descriptor '/home/dragon/Documents/ros2Work/install/topicdemo/share/topicdemo/package.dsv'
[7.039s] INFO:colcon.colcon_core.shell:Creating package script '/home/dragon/Documents/ros2Work/install/topicdemo/share/topicdemo/package.sh'
[7.039s] Level 1:colcon.colcon_core.environment:create_file_with_runtime_dependencies(/home/dragon/Documents/ros2Work/install/topicdemo/share/colcon-core/packages/topicdemo)
[7.074s] Level 1:colcon.colcon_core.environment:create_environment_scripts_only(topicdemo)
[7.091s] Level 1:colcon.colcon_core.environment:checking '/home/dragon/Documents/ros2Work/install/topicdemo' for CMake module files
[7.092s] Level 1:colcon.colcon_core.environment:checking '/home/dragon/Documents/ros2Work/install/topicdemo' for CMake config files
[7.092s] Level 1:colcon.colcon_core.shell:create_environment_hook('topicdemo', 'cmake_prefix_path')
[7.108s] INFO:colcon.colcon_core.shell:Creating environment descriptor '/home/dragon/Documents/ros2Work/install/topicdemo/share/topicdemo/hook/cmake_prefix_path.dsv'
[7.109s] INFO:colcon.colcon_core.shell:Creating environment hook '/home/dragon/Documents/ros2Work/install/topicdemo/share/topicdemo/hook/cmake_prefix_path.sh'
[7.109s] Level 1:colcon.colcon_core.environment:checking '/home/dragon/Documents/ros2Work/install/topicdemo/lib'
[7.109s] Level 1:colcon.colcon_core.environment:checking '/home/dragon/Documents/ros2Work/install/topicdemo/bin'
[7.109s] Level 1:colcon.colcon_core.environment:checking '/home/dragon/Documents/ros2Work/install/topicdemo/lib/pkgconfig/topicdemo.pc'
[7.109s] Level 1:colcon.colcon_core.environment:checking '/home/dragon/Documents/ros2Work/install/topicdemo/lib/python3.8/site-packages'
[7.109s] Level 1:colcon.colcon_core.environment:checking '/home/dragon/Documents/ros2Work/install/topicdemo/bin'
[7.126s] INFO:colcon.colcon_core.shell:Creating package descriptor '/home/dragon/Documents/ros2Work/install/topicdemo/share/topicdemo/package.dsv'
[7.127s] INFO:colcon.colcon_core.shell:Creating package script '/home/dragon/Documents/ros2Work/install/topicdemo/share/topicdemo/package.sh'
[7.127s] Level 1:colcon.colcon_core.environment:create_file_with_runtime_dependencies(/home/dragon/Documents/ros2Work/install/topicdemo/share/colcon-core/packages/topicdemo)
[7.127s] DEBUG:colcon.colcon_core.executor.sequential:run_until_complete 'topicdemo' finished with '0'
[7.127s] DEBUG:colcon.colcon_core.executor.sequential:closing loop
[7.127s] DEBUG:colcon.colcon_core.executor.sequential:loop closed
[7.127s] DEBUG:colcon.colcon_core.event_reactor:joining thread
[7.128s] DEBUG:colcon.colcon_core.event_reactor:joined thread
[7.145s] INFO:colcon.colcon_core.shell:Creating prefix script '/home/dragon/Documents/ros2Work/install/local_setup.sh'
[7.145s] INFO:colcon.colcon_core.shell:Creating prefix util module '/home/dragon/Documents/ros2Work/install/_local_setup_util_sh.py'
[7.146s] INFO:colcon.colcon_core.shell:Creating prefix chain script '/home/dragon/Documents/ros2Work/install/setup.sh'
